Using pre-set license
Built from '2022.3/staging' branch; Version is '2022.3.11f1 (d00248457e15) revision 13632072'; Using compiler version '192829333'; Build Type 'Release'
OS: 'Windows 10  (10.0.19045) 64bit Core' Language: 'en' Physical Memory: 65444 MB
BatchMode: 1, IsHumanControllingUs: 0, StartBugReporterOnCrash: 0, Is64bit: 1, IsPro: 1

COMMAND LINE ARGUMENTS:
D:\2022.3.11f1\Editor\Unity.exe
-adb2
-batchMode
-noUpm
-name
AssetImportWorker2
-projectPath
D:/github/Console-Game/Project/AtlusA
-logFile
Logs/AssetImportWorker2.log
-srvPort
56791
Successfully changed project path to: D:/github/Console-Game/Project/AtlusA
D:/github/Console-Game/Project/AtlusA
[UnityMemory] Configuration Parameters - Can be set up in boot.config
    "memorysetup-bucket-allocator-granularity=16"
    "memorysetup-bucket-allocator-bucket-count=8"
    "memorysetup-bucket-allocator-block-size=33554432"
    "memorysetup-bucket-allocator-block-count=8"
    "memorysetup-main-allocator-block-size=16777216"
    "memorysetup-thread-allocator-block-size=16777216"
    "memorysetup-gfx-main-allocator-block-size=16777216"
    "memorysetup-gfx-thread-allocator-block-size=16777216"
    "memorysetup-cache-allocator-block-size=4194304"
    "memorysetup-typetree-allocator-block-size=2097152"
    "memorysetup-profiler-bucket-allocator-granularity=16"
    "memorysetup-profiler-bucket-allocator-bucket-count=8"
    "memorysetup-profiler-bucket-allocator-block-size=33554432"
    "memorysetup-profiler-bucket-allocator-block-count=8"
    "memorysetup-profiler-allocator-block-size=16777216"
    "memorysetup-profiler-editor-allocator-block-size=1048576"
    "memorysetup-temp-allocator-size-main=16777216"
    "memorysetup-job-temp-allocator-block-size=2097152"
    "memorysetup-job-temp-allocator-block-size-background=1048576"
    "memorysetup-job-temp-allocator-reduction-small-platforms=262144"
    "memorysetup-allocator-temp-initial-block-size-main=262144"
    "memorysetup-allocator-temp-initial-block-size-worker=262144"
    "memorysetup-temp-allocator-size-background-worker=32768"
    "memorysetup-temp-allocator-size-job-worker=262144"
    "memorysetup-temp-allocator-size-preload-manager=33554432"
    "memorysetup-temp-allocator-size-nav-mesh-worker=65536"
    "memorysetup-temp-allocator-size-audio-worker=65536"
    "memorysetup-temp-allocator-size-cloud-worker=32768"
    "memorysetup-temp-allocator-size-gi-baking-worker=262144"
    "memorysetup-temp-allocator-size-gfx=262144"
Player connection [3136] Host "[IP] 192.168.233.1 [Port] 0 [Flags] 2 [Guid] 3570047791 [EditorId] 3570047791 [Version] 1048832 [Id] WindowsEditor(7,WINDOWS-7OO5T81) [Debug] 1 [PackageName] WindowsEditor [ProjectName] Editor" joined multi-casting on [225.0.0.222:54997]...

Player connection [3136] Host "[IP] 192.168.233.1 [Port] 0 [Flags] 2 [Guid] 3570047791 [EditorId] 3570047791 [Version] 1048832 [Id] WindowsEditor(7,WINDOWS-7OO5T81) [Debug] 1 [PackageName] WindowsEditor [ProjectName] Editor" joined alternative multi-casting on [225.0.0.222:34997]...

[Physics::Module] Initialized MultithreadedJobDispatcher with 31 workers.
Refreshing native plugins compatible for Editor in 6.42 ms, found 3 plugins.
Preloading 0 native plugins for Editor in 0.00 ms.
Initialize engine version: 2022.3.11f1 (d00248457e15)
[Subsystems] Discovering subsystems at path D:/2022.3.11f1/Editor/Data/Resources/UnitySubsystems
[Subsystems] Discovering subsystems at path D:/github/Console-Game/Project/AtlusA/Assets
GfxDevice: creating device client; threaded=0; jobified=0
Direct3D:
    Version:  Direct3D 11.0 [level 11.1]
    Renderer: NVIDIA GeForce RTX 3080 (ID=0x2206)
    Vendor:   NVIDIA
    VRAM:     10053 MB
    Driver:   31.0.15.5123
Initialize mono
Mono path[0] = 'D:/2022.3.11f1/Editor/Data/Managed'
Mono path[1] = 'D:/2022.3.11f1/Editor/Data/MonoBleedingEdge/lib/mono/unityjit-win32'
Mono config path = 'D:/2022.3.11f1/Editor/Data/MonoBleedingEdge/etc'
Using monoOptions --debugger-agent=transport=dt_socket,embedding=1,server=y,suspend=n,address=127.0.0.1:56564
Begin MonoManager ReloadAssembly
Registering precompiled unity dll's ...
Register platform support module: D:/2022.3.11f1/Editor/Data/PlaybackEngines/AndroidPlayer/UnityEditor.Android.Extensions.dll
Register platform support module: D:/2022.3.11f1/Editor/Data/PlaybackEngines/iOSSupport/UnityEditor.iOS.Extensions.dll
Register platform support module: D:/2022.3.11f1/Editor/Data/PlaybackEngines/WindowsStandaloneSupport/UnityEditor.WindowsStandalone.Extensions.dll
Registered in 0.004671 seconds.
- Loaded All Assemblies, in  0.256 seconds
Native extension for WindowsStandalone target not found
[usbmuxd] Start listen thread
[usbmuxd] Listen thread started
Native extension for iOS target not found
Native extension for Android target not found
Android Extension - Scanning For ADB Devices 232 ms
Mono: successfully reloaded assembly
- Finished resetting the current domain, in  0.478 seconds
Domain Reload Profiling: 735ms
	BeginReloadAssembly (85ms)
		ExecutionOrderSort (0ms)
		DisableScriptedObjects (0ms)
		BackupInstance (0ms)
		ReleaseScriptingObjects (0ms)
		CreateAndSetChildDomain (1ms)
	RebuildCommonClasses (24ms)
	RebuildNativeTypeToScriptingClass (7ms)
	initialDomainReloadingComplete (37ms)
	LoadAllAssembliesAndSetupDomain (104ms)
		LoadAssemblies (86ms)
		RebuildTransferFunctionScriptingTraits (0ms)
		AnalyzeDomain (101ms)
			TypeCache.Refresh (100ms)
				TypeCache.ScanAssembly (89ms)
			ScanForSourceGeneratedMonoScriptInfo (0ms)
			ResolveRequiredComponents (0ms)
	FinalizeReload (479ms)
		ReleaseScriptCaches (0ms)
		RebuildScriptCaches (0ms)
		SetupLoadedEditorAssemblies (435ms)
			LogAssemblyErrors (0ms)
			InitializePlatformSupportModulesInManaged (325ms)
			SetLoadedEditorAssemblies (3ms)
			RefreshPlugins (0ms)
			BeforeProcessingInitializeOnLoad (2ms)
			ProcessInitializeOnLoadAttributes (72ms)
			ProcessInitializeOnLoadMethodAttributes (34ms)
			AfterProcessingInitializeOnLoad (0ms)
			EditorAssembliesLoaded (0ms)
		ExecutionOrderSort2 (0ms)
		AwakeInstancesAfterBackupRestoration (0ms)
========================================================================
Worker process is ready to serve import requests
Begin MonoManager ReloadAssembly
- Loaded All Assemblies, in  0.424 seconds
Refreshing native plugins compatible for Editor in 2.33 ms, found 3 plugins.
Native extension for WindowsStandalone target not found
Native extension for iOS target not found
Native extension for Android target not found
Package Manager log level set to [2]
[Package Manager] Server::EnsureServerProcessIsRunning -- launch failed, reason: Unity was launched with the -noUpm command-line argument
[Package Manager] UpmClient::Send -- Unable to send message (not connected to UPM process).
[Package Manager] Cannot connect to Unity Package Manager local server
Mono: successfully reloaded assembly
- Finished resetting the current domain, in  0.411 seconds
Domain Reload Profiling: 836ms
	BeginReloadAssembly (119ms)
		ExecutionOrderSort (0ms)
		DisableScriptedObjects (4ms)
		BackupInstance (0ms)
		ReleaseScriptingObjects (0ms)
		CreateAndSetChildDomain (18ms)
	RebuildCommonClasses (23ms)
	RebuildNativeTypeToScriptingClass (7ms)
	initialDomainReloadingComplete (26ms)
	LoadAllAssembliesAndSetupDomain (249ms)
		LoadAssemblies (205ms)
		RebuildTransferFunctionScriptingTraits (0ms)
		AnalyzeDomain (119ms)
			TypeCache.Refresh (106ms)
				TypeCache.ScanAssembly (95ms)
			ScanForSourceGeneratedMonoScriptInfo (9ms)
			ResolveRequiredComponents (3ms)
	FinalizeReload (411ms)
		ReleaseScriptCaches (0ms)
		RebuildScriptCaches (0ms)
		SetupLoadedEditorAssemblies (297ms)
			LogAssemblyErrors (0ms)
			InitializePlatformSupportModulesInManaged (22ms)
			SetLoadedEditorAssemblies (3ms)
			RefreshPlugins (0ms)
			BeforeProcessingInitializeOnLoad (44ms)
			ProcessInitializeOnLoadAttributes (212ms)
			ProcessInitializeOnLoadMethodAttributes (15ms)
			AfterProcessingInitializeOnLoad (2ms)
			EditorAssembliesLoaded (0ms)
		ExecutionOrderSort2 (0ms)
		AwakeInstancesAfterBackupRestoration (5ms)
Launched and connected shader compiler UnityShaderCompiler.exe after 0.04 seconds
Refreshing native plugins compatible for Editor in 3.55 ms, found 3 plugins.
Preloading 0 native plugins for Editor in 0.00 ms.
Unloading 3082 Unused Serialized files (Serialized files now loaded: 0)
Unloading 32 unused Assets / (57.4 KB). Loaded Objects now: 3564.
Memory consumption went from 137.1 MB to 137.0 MB.
Total: 2.840200 ms (FindLiveObjects: 0.280600 ms CreateObjectMapping: 0.158500 ms MarkObjects: 2.307000 ms  DeleteObjects: 0.093300 ms)

AssetImportParameters requested are different than current active one (requested -> active):
  custom:container-demuxer-ogg: 62fdf1f143b41e24485cea50d1cbac27 -> 
  custom:video-decoder-ogg-theora: a1e56fd34408186e4bbccfd4996cb3dc -> 
  custom:framework-win-MediaFoundation: 216162199b28c13a410421893ffa2e32 -> 
  custom:CustomObjectIndexerAttribute: 756ad292c208cfabdd7b50bc23989ffe -> 
  custom:container-demuxer-webm: 4f35f7cbe854078d1ac9338744f61a02 -> 
  custom:container-muxer-webm: aa71ff27fc2769a1b78a27578f13a17b -> 
  custom:video-decoder-webm-vp8: 9c59270c3fd7afecdb556c50c9e8de78 -> 
  custom:SearchIndexIgnoredProperties: e643bd26f0fe6173181afceb89e7c659 -> 
  custom:AudioImporter_EditorPlatform: d09bf68614088b80899f8185d706f6e7 -> 
  custom:video-encoder-webm-vp8: eb34c28f22e8b96e1ab97ce403110664 -> 
  custom:audio-decoder-ogg-vorbis: bf7c407c2cedff20999df2af8eb42d56 -> 
  custom:audio-encoder-webm-vorbis: bf7c407c2cedff20999df2af8eb42d56 -> 
========================================================================
Received Import Request.
  Time since last request: 30678.513256 seconds.
  path: Assets/area/DINER/chairrr.png
  artifactKey: Guid(90ba44928a9546445a816b695d58d9c2) Importer(815301076,1909f56bfc062723c751e8b465ee728b)
Start importing Assets/area/DINER/chairrr.png using Guid(90ba44928a9546445a816b695d58d9c2) Importer(815301076,1909f56bfc062723c751e8b465ee728b)  -> (artifact id: '0479f3d2ca374766946806f69f0a619d') in 0.046013 seconds
Number of updated asset objects reloaded before import = 0
Number of asset objects unloaded after import = 2
========================================================================
Received Import Request.
  Time since last request: 5.175712 seconds.
  path: Assets/area/DINER/DETAILS 1.mat
  artifactKey: Guid(67f837fa37878854b8ff737457a84695) Importer(815301076,1909f56bfc062723c751e8b465ee728b)
Start importing Assets/area/DINER/DETAILS 1.mat using Guid(67f837fa37878854b8ff737457a84695) Importer(815301076,1909f56bfc062723c751e8b465ee728b)  -> (artifact id: 'cf500c40d10f6792bafe53f782f93772') in 0.046589 seconds
Number of updated asset objects reloaded before import = 0
Number of asset objects unloaded after import = 2
========================================================================
Received Import Request.
  Time since last request: 248.444789 seconds.
  path: Assets/area/DINER/cabnet.fbx
  artifactKey: Guid(ff05fdaa87f18494dbfd5029dc019cbf) Importer(815301076,1909f56bfc062723c751e8b465ee728b)
Start importing Assets/area/DINER/cabnet.fbx using Guid(ff05fdaa87f18494dbfd5029dc019cbf) Importer(815301076,1909f56bfc062723c751e8b465ee728b)  -> (artifact id: 'b521ae8c8e1001e559b0c4ded1baf43b') in 0.067934 seconds
Number of updated asset objects reloaded before import = 0
Number of asset objects unloaded after import = 161
========================================================================
Received Import Request.
  Time since last request: 179.569208 seconds.
  path: Assets/area/DINER/New Material.mat
  artifactKey: Guid(4620cb7d4b2236a499b3e4ddbcd743b4) Importer(815301076,1909f56bfc062723c751e8b465ee728b)
Start importing Assets/area/DINER/New Material.mat using Guid(4620cb7d4b2236a499b3e4ddbcd743b4) Importer(815301076,1909f56bfc062723c751e8b465ee728b)  -> (artifact id: 'ad57463b0c4f247788c818f8875b2164') in 0.027446 seconds
Number of updated asset objects reloaded before import = 0
Number of asset objects unloaded after import = 1
========================================================================
Received Import Request.
  Time since last request: 383.928459 seconds.
  path: Assets/area/DINER/photo frame.fbx
  artifactKey: Guid(872f357735542264db8e5c65e1afa4d1) Importer(815301076,1909f56bfc062723c751e8b465ee728b)
Start importing Assets/area/DINER/photo frame.fbx using Guid(872f357735542264db8e5c65e1afa4d1) Importer(815301076,1909f56bfc062723c751e8b465ee728b)  -> (artifact id: '25e920b6d7edff84c0ca91112413bf71') in 0.035585 seconds
Number of updated asset objects reloaded before import = 0
Number of asset objects unloaded after import = 9
========================================================================
Received Import Request.
  Time since last request: 211.841639 seconds.
  path: Assets/area/DINER/rghbdfgjsfth.JPG
  artifactKey: Guid(dc459fa28fe56e141b29e6d323901330) Importer(815301076,1909f56bfc062723c751e8b465ee728b)
Start importing Assets/area/DINER/rghbdfgjsfth.JPG using Guid(dc459fa28fe56e141b29e6d323901330) Importer(815301076,1909f56bfc062723c751e8b465ee728b)  -> (artifact id: 'd38ebe388153f785b32c93b6017d6a20') in 0.015979 seconds
Number of updated asset objects reloaded before import = 0
Number of asset objects unloaded after import = 2
========================================================================
Received Import Request.
  Time since last request: 12.265105 seconds.
  path: Assets/area/DINER/MATTUY1.png
  artifactKey: Guid(8a0d9eb00bd06b149bcecd8c6ec77fc9) Importer(815301076,1909f56bfc062723c751e8b465ee728b)
Start importing Assets/area/DINER/MATTUY1.png using Guid(8a0d9eb00bd06b149bcecd8c6ec77fc9) Importer(815301076,1909f56bfc062723c751e8b465ee728b)  -> (artifact id: '54f2828899c3179d28d9f8371a8e2b0d') in 0.019770 seconds
Number of updated asset objects reloaded before import = 0
Number of asset objects unloaded after import = 2
========================================================================
Received Import Request.
  Time since last request: 13.352582 seconds.
  path: Assets/area/DINER/sdfsdf.PNG
  artifactKey: Guid(cd05dfc2f6c7f7644929463b6590c696) Importer(815301076,1909f56bfc062723c751e8b465ee728b)
Start importing Assets/area/DINER/sdfsdf.PNG using Guid(cd05dfc2f6c7f7644929463b6590c696) Importer(815301076,1909f56bfc062723c751e8b465ee728b)  -> (artifact id: '887ded99251dfa764046dfab4408217b') in 0.014141 seconds
Number of updated asset objects reloaded before import = 0
Number of asset objects unloaded after import = 2
========================================================================
Received Import Request.
  Time since last request: 112.139116 seconds.
  path: Assets/area/DINER/sail.JPG
  artifactKey: Guid(b51196cd1bb880c4f82c23ef2d690df7) Importer(815301076,1909f56bfc062723c751e8b465ee728b)
Start importing Assets/area/DINER/sail.JPG using Guid(b51196cd1bb880c4f82c23ef2d690df7) Importer(815301076,1909f56bfc062723c751e8b465ee728b)  -> (artifact id: '4eae96017f69371b8872999676948642') in 0.014165 seconds
Number of updated asset objects reloaded before import = 0
Number of asset objects unloaded after import = 2
========================================================================
Received Import Request.
  Time since last request: 2.259327 seconds.
  path: Assets/area/DINER/old man.JPG
  artifactKey: Guid(c1d7dada32ec3ce409e829b0060857a6) Importer(815301076,1909f56bfc062723c751e8b465ee728b)
Start importing Assets/area/DINER/old man.JPG using Guid(c1d7dada32ec3ce409e829b0060857a6) Importer(815301076,1909f56bfc062723c751e8b465ee728b)  -> (artifact id: 'ce8f81a2dfc53f2f3759dc1593d94964') in 0.011075 seconds
Number of updated asset objects reloaded before import = 0
Number of asset objects unloaded after import = 2
========================================================================
Received Import Request.
  Time since last request: 1.629064 seconds.
  path: Assets/area/DINER/gal photo.JPG
  artifactKey: Guid(7ad9ac6c91fef1345bc569cba1557541) Importer(815301076,1909f56bfc062723c751e8b465ee728b)
Start importing Assets/area/DINER/gal photo.JPG using Guid(7ad9ac6c91fef1345bc569cba1557541) Importer(815301076,1909f56bfc062723c751e8b465ee728b)  -> (artifact id: 'eb819ea18b8187792fa9718215ca3365') in 0.011571 seconds
Number of updated asset objects reloaded before import = 0
Number of asset objects unloaded after import = 2
========================================================================
Received Import Request.
  Time since last request: 1.700959 seconds.
  path: Assets/area/DINER/painting1.JPG
  artifactKey: Guid(fbbee74a050b19c42b18ff905e3d7602) Importer(815301076,1909f56bfc062723c751e8b465ee728b)
Start importing Assets/area/DINER/painting1.JPG using Guid(fbbee74a050b19c42b18ff905e3d7602) Importer(815301076,1909f56bfc062723c751e8b465ee728b)  -> (artifact id: 'e2918460a4eee653bcdae1ae801f006c') in 0.013894 seconds
Number of updated asset objects reloaded before import = 0
Number of asset objects unloaded after import = 2
========================================================================
Received Import Request.
  Time since last request: 2.715139 seconds.
  path: Assets/area/DINER/galroom.JPG
  artifactKey: Guid(b9e891bef5281be4e94dc9ba160a9a6b) Importer(815301076,1909f56bfc062723c751e8b465ee728b)
Start importing Assets/area/DINER/galroom.JPG using Guid(b9e891bef5281be4e94dc9ba160a9a6b) Importer(815301076,1909f56bfc062723c751e8b465ee728b)  -> (artifact id: '13914b36925031cbcc212b41af72adea') in 0.011803 seconds
Number of updated asset objects reloaded before import = 0
Number of asset objects unloaded after import = 2
========================================================================
Received Import Request.
  Time since last request: 3.185387 seconds.
  path: Assets/area/DINER/saul egal.png
  artifactKey: Guid(edeafcb5d177f3d4ea09423d16b5069b) Importer(815301076,1909f56bfc062723c751e8b465ee728b)
Start importing Assets/area/DINER/saul egal.png using Guid(edeafcb5d177f3d4ea09423d16b5069b) Importer(815301076,1909f56bfc062723c751e8b465ee728b)  -> (artifact id: '0dba090b53684d2b2015b2856ed65430') in 0.018803 seconds
Number of updated asset objects reloaded before import = 0
Number of asset objects unloaded after import = 2
========================================================================
Received Import Request.
  Time since last request: 280.187737 seconds.
  path: Assets/area/DINER/light.fbx
  artifactKey: Guid(131562c230036c34b80af2760d5dbd66) Importer(815301076,1909f56bfc062723c751e8b465ee728b)
Start importing Assets/area/DINER/light.fbx using Guid(131562c230036c34b80af2760d5dbd66) Importer(815301076,1909f56bfc062723c751e8b465ee728b)  -> (artifact id: '78e48c0e3656648bd5fbc3cb820c5347') in 0.023006 seconds
Number of updated asset objects reloaded before import = 0
Number of asset objects unloaded after import = 19
========================================================================
Received Import Request.
  Time since last request: 35.052031 seconds.
  path: Assets/area/DINER/New Material.mat
  artifactKey: Guid(4620cb7d4b2236a499b3e4ddbcd743b4) Importer(815301076,1909f56bfc062723c751e8b465ee728b)
Start importing Assets/area/DINER/New Material.mat using Guid(4620cb7d4b2236a499b3e4ddbcd743b4) Importer(815301076,1909f56bfc062723c751e8b465ee728b)  -> (artifact id: 'eaf9d784f7a7e3876796a070170a5071') in 0.043375 seconds
Number of updated asset objects reloaded before import = 0
Number of asset objects unloaded after import = 1
========================================================================
Received Import Request.
  Time since last request: 3.622003 seconds.
  path: Assets/area/DINER/light.mat
  artifactKey: Guid(77052f2d956315040a428537108aa984) Importer(815301076,1909f56bfc062723c751e8b465ee728b)
Start importing Assets/area/DINER/light.mat using Guid(77052f2d956315040a428537108aa984) Importer(815301076,1909f56bfc062723c751e8b465ee728b)  -> (artifact id: 'ea6b18416a7f3c10d03a924664732d42') in 0.009666 seconds
Number of updated asset objects reloaded before import = 0
Number of asset objects unloaded after import = 1
========================================================================
Received Import Request.
  Time since last request: 355.541314 seconds.
  path: Assets/area/DINER/BROWN.fbx
  artifactKey: Guid(816fa0f4ca63f884baba22984855b002) Importer(815301076,1909f56bfc062723c751e8b465ee728b)
Start importing Assets/area/DINER/BROWN.fbx using Guid(816fa0f4ca63f884baba22984855b002) Importer(815301076,1909f56bfc062723c751e8b465ee728b)  -> (artifact id: '3fb219befa143ac0ef15b89d9be058c4') in 0.051172 seconds
Number of updated asset objects reloaded before import = 0
Number of asset objects unloaded after import = 2472
========================================================================
Received Import Request.
  Time since last request: 665.054226 seconds.
  path: Assets/area/DINER/light.mat
  artifactKey: Guid(77052f2d956315040a428537108aa984) Importer(815301076,1909f56bfc062723c751e8b465ee728b)
Start importing Assets/area/DINER/light.mat using Guid(77052f2d956315040a428537108aa984) Importer(815301076,1909f56bfc062723c751e8b465ee728b)  -> (artifact id: '86589188f2594c043a2cd40b7e41a222') in 0.010407 seconds
Number of updated asset objects reloaded before import = 0
Number of asset objects unloaded after import = 1
