Using pre-set license
Built from '2022.2/release' branch; Version is '2022.2.13f1 (5f5de2657605) revision 6249954'; Using compiler version '192829333'; Build Type 'Release'
OS: 'Windows 10  (10.0.19045) 64bit Core' Language: 'en' Physical Memory: 32681 MB
BatchMode: 1, IsHumanControllingUs: 0, StartBugReporterOnCrash: 0, Is64bit: 1, IsPro: 1

COMMAND LINE ARGUMENTS:
C:\Program Files\Unity 2022.2.13f1\Editor\Unity.exe
-adb2
-batchMode
-noUpm
-name
AssetImportWorker3
-projectPath
C:/Users/leons/Documents/GitHub/Console-Game/Project/AtlusA
-logFile
Logs/AssetImportWorker3.log
-srvPort
54824
Successfully changed project path to: C:/Users/leons/Documents/GitHub/Console-Game/Project/AtlusA
C:/Users/leons/Documents/GitHub/Console-Game/Project/AtlusA
[UnityMemory] Configuration Parameters - Can be set up in boot.config
    "memorysetup-bucket-allocator-granularity=16"
    "memorysetup-bucket-allocator-bucket-count=8"
    "memorysetup-bucket-allocator-block-size=33554432"
    "memorysetup-bucket-allocator-block-count=8"
    "memorysetup-main-allocator-block-size=16777216"
    "memorysetup-thread-allocator-block-size=16777216"
    "memorysetup-gfx-main-allocator-block-size=16777216"
    "memorysetup-gfx-thread-allocator-block-size=16777216"
    "memorysetup-cache-allocator-block-size=4194304"
    "memorysetup-typetree-allocator-block-size=2097152"
    "memorysetup-profiler-bucket-allocator-granularity=16"
    "memorysetup-profiler-bucket-allocator-bucket-count=8"
    "memorysetup-profiler-bucket-allocator-block-size=33554432"
    "memorysetup-profiler-bucket-allocator-block-count=8"
    "memorysetup-profiler-allocator-block-size=16777216"
    "memorysetup-profiler-editor-allocator-block-size=1048576"
    "memorysetup-temp-allocator-size-main=16777216"
    "memorysetup-job-temp-allocator-block-size=2097152"
    "memorysetup-job-temp-allocator-block-size-background=1048576"
    "memorysetup-job-temp-allocator-reduction-small-platforms=262144"
    "memorysetup-temp-allocator-size-background-worker=32768"
    "memorysetup-temp-allocator-size-job-worker=262144"
    "memorysetup-temp-allocator-size-preload-manager=33554432"
    "memorysetup-temp-allocator-size-nav-mesh-worker=65536"
    "memorysetup-temp-allocator-size-audio-worker=65536"
    "memorysetup-temp-allocator-size-cloud-worker=32768"
    "memorysetup-temp-allocator-size-gi-baking-worker=262144"
    "memorysetup-temp-allocator-size-gfx=262144"
Player connection [8956] Host "[IP] 10.242.71.96 [Port] 0 [Flags] 2 [Guid] 3675601647 [EditorId] 3675601647 [Version] 1048832 [Id] WindowsEditor(7,DESKTOP-QON9S6F) [Debug] 1 [PackageName] WindowsEditor [ProjectName] Editor" joined multi-casting on [225.0.0.222:54997]...

Player connection [8956] Host "[IP] 10.242.71.96 [Port] 0 [Flags] 2 [Guid] 3675601647 [EditorId] 3675601647 [Version] 1048832 [Id] WindowsEditor(7,DESKTOP-QON9S6F) [Debug] 1 [PackageName] WindowsEditor [ProjectName] Editor" joined alternative multi-casting on [225.0.0.222:34997]...

Refreshing native plugins compatible for Editor in 7.07 ms, found 3 plugins.
Preloading 0 native plugins for Editor in 0.00 ms.
Initialize engine version: 2022.2.13f1 (5f5de2657605)
[Subsystems] Discovering subsystems at path C:/Program Files/Unity 2022.2.13f1/Editor/Data/Resources/UnitySubsystems
[Subsystems] Discovering subsystems at path C:/Users/leons/Documents/GitHub/Console-Game/Project/AtlusA/Assets
GfxDevice: creating device client; threaded=0; jobified=0
Direct3D:
    Version:  Direct3D 11.0 [level 11.1]
    Renderer: NVIDIA GeForce RTX 3060 (ID=0x2504)
    Vendor:   NVIDIA
    VRAM:     12115 MB
    Driver:   31.0.15.5123
Initialize mono
Mono path[0] = 'C:/Program Files/Unity 2022.2.13f1/Editor/Data/Managed'
Mono path[1] = 'C:/Program Files/Unity 2022.2.13f1/Editor/Data/MonoBleedingEdge/lib/mono/unityjit-win32'
Mono config path = 'C:/Program Files/Unity 2022.2.13f1/Editor/Data/MonoBleedingEdge/etc'
Using monoOptions --debugger-agent=transport=dt_socket,embedding=1,server=y,suspend=n,address=127.0.0.1:56972
Begin MonoManager ReloadAssembly
Registering precompiled unity dll's ...
Register platform support module: C:/Program Files/Unity 2022.2.13f1/Editor/Data/PlaybackEngines/AndroidPlayer/UnityEditor.Android.Extensions.dll
Register platform support module: C:/Program Files/Unity 2022.2.13f1/Editor/Data/PlaybackEngines/iOSSupport/UnityEditor.iOS.Extensions.dll
Register platform support module: C:/Program Files/Unity 2022.2.13f1/Editor/Data/PlaybackEngines/WindowsStandaloneSupport/UnityEditor.WindowsStandalone.Extensions.dll
Registered in 0.008452 seconds.
- Loaded All Assemblies, in  0.287 seconds
Native extension for WindowsStandalone target not found
Native extension for iOS target not found
Native extension for Android target not found
Android Extension - Scanning For ADB Devices 180 ms
Mono: successfully reloaded assembly
- Finished resetting the current domain, in  0.430 seconds
Domain Reload Profiling:
	ReloadAssembly (164ms)
		BeginReloadAssembly (74ms)
			ExecutionOrderSort (0ms)
			DisableScriptedObjects (0ms)
			BackupInstance (0ms)
			ReleaseScriptingObjects (0ms)
			CreateAndSetChildDomain (1ms)
		LoadAllAssembliesAndSetupDomain (0ms)
			LoadAssemblies (72ms)
			RebuildTransferFunctionScriptingTraits (0ms)
			SetupTypeCache (114ms)
				TypeCache.Initialize (113ms)
					TypeCache.ScanAssembly (112ms)
				ResolveRequiredComponents (0ms)
		FinalizeReload (0ms)
			ReleaseScriptCaches (0ms)
			RebuildScriptCaches (0ms)
			SetupLoadedEditorAssemblies (385ms)
				LogAssemblyErrors (0ms)
				InitializePlatformSupportModulesInManaged (264ms)
				SetLoadedEditorAssemblies (3ms)
				RefreshPlugins (0ms)
				BeforeProcessingInitializeOnLoad (1ms)
				ProcessInitializeOnLoadAttributes (80ms)
				ProcessInitializeOnLoadMethodAttributes (36ms)
				AfterProcessingInitializeOnLoad (0ms)
				EditorAssembliesLoaded (0ms)
			ExecutionOrderSort2 (0ms)
			AwakeInstancesAfterBackupRestoration (0ms)
========================================================================
Worker process is ready to serve import requests
Begin MonoManager ReloadAssembly
- Loaded All Assemblies, in  0.641 seconds
Refreshing native plugins compatible for Editor in 2.81 ms, found 3 plugins.
Native extension for WindowsStandalone target not found
Native extension for iOS target not found
Native extension for Android target not found
Mono: successfully reloaded assembly
- Finished resetting the current domain, in  0.493 seconds
Domain Reload Profiling:
	ReloadAssembly (185ms)
		BeginReloadAssembly (112ms)
			ExecutionOrderSort (0ms)
			DisableScriptedObjects (5ms)
			BackupInstance (0ms)
			ReleaseScriptingObjects (0ms)
			CreateAndSetChildDomain (24ms)
		LoadAllAssembliesAndSetupDomain (452ms)
			LoadAssemblies (232ms)
			RebuildTransferFunctionScriptingTraits (0ms)
			SetupTypeCache (270ms)
				TypeCache.Initialize (254ms)
					TypeCache.ScanAssembly (250ms)
				ResolveRequiredComponents (4ms)
		FinalizeReload (0ms)
			ReleaseScriptCaches (0ms)
			RebuildScriptCaches (0ms)
			SetupLoadedEditorAssemblies (352ms)
				LogAssemblyErrors (0ms)
				InitializePlatformSupportModulesInManaged (25ms)
				SetLoadedEditorAssemblies (3ms)
				RefreshPlugins (0ms)
				BeforeProcessingInitializeOnLoad (52ms)
				ProcessInitializeOnLoadAttributes (248ms)
				ProcessInitializeOnLoadMethodAttributes (16ms)
				AfterProcessingInitializeOnLoad (8ms)
				EditorAssembliesLoaded (0ms)
			ExecutionOrderSort2 (0ms)
			AwakeInstancesAfterBackupRestoration (4ms)
Launched and connected shader compiler UnityShaderCompiler.exe after 0.04 seconds
Refreshing native plugins compatible for Editor in 4.72 ms, found 3 plugins.
Preloading 0 native plugins for Editor in 0.00 ms.
Unloading 3251 Unused Serialized files (Serialized files now loaded: 0)
Unloading 44 unused Assets / (140.3 KB). Loaded Objects now: 3737.
Memory consumption went from 126.6 MB to 126.5 MB.
Total: 4.427500 ms (FindLiveObjects: 0.361800 ms CreateObjectMapping: 0.336600 ms MarkObjects: 3.567200 ms  DeleteObjects: 0.160700 ms)

AssetImportParameters requested are different than current active one (requested -> active):
  custom:container-demuxer-ogg: 62fdf1f143b41e24485cea50d1cbac27 -> 
  custom:video-decoder-ogg-theora: a1e56fd34408186e4bbccfd4996cb3dc -> 
  custom:framework-win-MediaFoundation: 216162199b28c13a410421893ffa2e32 -> 
  custom:container-demuxer-webm: 4f35f7cbe854078d1ac9338744f61a02 -> 
  custom:container-muxer-webm: aa71ff27fc2769a1b78a27578f13a17b -> 
  custom:video-decoder-webm-vp8: 9c59270c3fd7afecdb556c50c9e8de78 -> 
  custom:AudioImporter_EditorPlatform: d09bf68614088b80899f8185d706f6e7 -> 
  custom:video-encoder-webm-vp8: eb34c28f22e8b96e1ab97ce403110664 -> 
  custom:audio-decoder-ogg-vorbis: bf7c407c2cedff20999df2af8eb42d56 -> 
  custom:audio-encoder-webm-vorbis: bf7c407c2cedff20999df2af8eb42d56 -> 
========================================================================
Received Import Request.
  Time since last request: 391562.246151 seconds.
  path: Assets/charicter/MODEL/tvBack.mat
  artifactKey: Guid(d94837b9055b1a64a876feba3224eadc) Importer(815301076,1909f56bfc062723c751e8b465ee728b)
Start importing Assets/charicter/MODEL/tvBack.mat using Guid(d94837b9055b1a64a876feba3224eadc) Importer(815301076,1909f56bfc062723c751e8b465ee728b)  -> (artifact id: '64f7fbf7bc3aa917a575b1667ff94ae9') in 0.118032 seconds
Number of updated asset objects reloaded before import = 0
Number of asset objects unloaded after import = 2
========================================================================
Received Import Request.
  Time since last request: 2.276128 seconds.
  path: Assets/UI/Heal_1.png
  artifactKey: Guid(889645671ff8fc34db31c75cc8c60964) Importer(815301076,1909f56bfc062723c751e8b465ee728b)
Start importing Assets/UI/Heal_1.png using Guid(889645671ff8fc34db31c75cc8c60964) Importer(815301076,1909f56bfc062723c751e8b465ee728b)  -> (artifact id: '396a0e61f1194d74db29a9b886149f78') in 0.035417 seconds
Number of updated asset objects reloaded before import = 0
Number of asset objects unloaded after import = 3
========================================================================
Received Import Request.
  Time since last request: 16.298516 seconds.
  path: Assets/area/DINER/DETAILS 1.mat
  artifactKey: Guid(67f837fa37878854b8ff737457a84695) Importer(815301076,1909f56bfc062723c751e8b465ee728b)
Start importing Assets/area/DINER/DETAILS 1.mat using Guid(67f837fa37878854b8ff737457a84695) Importer(815301076,1909f56bfc062723c751e8b465ee728b)  -> (artifact id: '6105478da1acc1581f2e26f651781ea3') in 0.013400 seconds
Number of updated asset objects reloaded before import = 0
Number of asset objects unloaded after import = 2
========================================================================
Received Import Request.
  Time since last request: 0.003770 seconds.
  path: Assets/area/DINER/light.fbx
  artifactKey: Guid(131562c230036c34b80af2760d5dbd66) Importer(815301076,1909f56bfc062723c751e8b465ee728b)
Start importing Assets/area/DINER/light.fbx using Guid(131562c230036c34b80af2760d5dbd66) Importer(815301076,1909f56bfc062723c751e8b465ee728b)  -> (artifact id: '68dd0f8eeed63e7ee3f03b3cbb79c14e') in 0.127195 seconds
Number of updated asset objects reloaded before import = 0
Number of asset objects unloaded after import = 19
========================================================================
Received Import Request.
  Time since last request: 0.000053 seconds.
  path: Assets/area/DINER/RED 3.mat
  artifactKey: Guid(8a4aab56b5cc33a4c82ac6d400f22b7e) Importer(815301076,1909f56bfc062723c751e8b465ee728b)
Start importing Assets/area/DINER/RED 3.mat using Guid(8a4aab56b5cc33a4c82ac6d400f22b7e) Importer(815301076,1909f56bfc062723c751e8b465ee728b)  -> (artifact id: 'f37248de0a5c2906454cbdbcb36ad31b') in 0.012735 seconds
Number of updated asset objects reloaded before import = 0
Number of asset objects unloaded after import = 2
========================================================================
Received Import Request.
  Time since last request: 0.000035 seconds.
  path: Assets/area/DINER/rghbdfgjsfth.JPG
  artifactKey: Guid(dc459fa28fe56e141b29e6d323901330) Importer(815301076,1909f56bfc062723c751e8b465ee728b)
Start importing Assets/area/DINER/rghbdfgjsfth.JPG using Guid(dc459fa28fe56e141b29e6d323901330) Importer(815301076,1909f56bfc062723c751e8b465ee728b)  -> (artifact id: '7d31781ddeb8ae1a0136deaab2ff5d40') in 0.011119 seconds
Number of updated asset objects reloaded before import = 0
Number of asset objects unloaded after import = 2
========================================================================
Received Import Request.
  Time since last request: 0.000020 seconds.
  path: Assets/area/DINER/tvand and diner.png
  artifactKey: Guid(8e08dda0053755b44a6e15694a04e49a) Importer(815301076,1909f56bfc062723c751e8b465ee728b)
Start importing Assets/area/DINER/tvand and diner.png using Guid(8e08dda0053755b44a6e15694a04e49a) Importer(815301076,1909f56bfc062723c751e8b465ee728b)  -> (artifact id: '07850646be01f6e33289c4c7349e635d') in 0.011984 seconds
Number of updated asset objects reloaded before import = 0
Number of asset objects unloaded after import = 2
========================================================================
Received Import Request.
  Time since last request: 0.000031 seconds.
  path: Assets/area/DINER/gal photo.JPG
  artifactKey: Guid(7ad9ac6c91fef1345bc569cba1557541) Importer(815301076,1909f56bfc062723c751e8b465ee728b)
Start importing Assets/area/DINER/gal photo.JPG using Guid(7ad9ac6c91fef1345bc569cba1557541) Importer(815301076,1909f56bfc062723c751e8b465ee728b)  -> (artifact id: 'cb7951b0dcfdb73748f2142f2ac516f0') in 0.011515 seconds
Number of updated asset objects reloaded before import = 0
Number of asset objects unloaded after import = 2
========================================================================
Received Import Request.
  Time since last request: 0.000020 seconds.
  path: Assets/area/DINER/nate hed.png
  artifactKey: Guid(bc39b3497cc1f194791ce10635087eb9) Importer(815301076,1909f56bfc062723c751e8b465ee728b)
Start importing Assets/area/DINER/nate hed.png using Guid(bc39b3497cc1f194791ce10635087eb9) Importer(815301076,1909f56bfc062723c751e8b465ee728b)  -> (artifact id: '5b6eabafc6f0b543984ec6446d115dc3') in 0.010172 seconds
Number of updated asset objects reloaded before import = 0
Number of asset objects unloaded after import = 2
========================================================================
Received Import Request.
  Time since last request: 0.000023 seconds.
  path: Assets/area/DINER/WALL.mat
  artifactKey: Guid(2e7fe502eb4d7be4c99bdd01e6965da7) Importer(815301076,1909f56bfc062723c751e8b465ee728b)
Start importing Assets/area/DINER/WALL.mat using Guid(2e7fe502eb4d7be4c99bdd01e6965da7) Importer(815301076,1909f56bfc062723c751e8b465ee728b)  -> (artifact id: 'c5d78a6ab12b3e805da5c199a38b59ef') in 0.079288 seconds
Number of updated asset objects reloaded before import = 0
Number of asset objects unloaded after import = 5
========================================================================
Received Import Request.
  Time since last request: 5.738469 seconds.
  path: Assets/area/road/glass - Copy.png
  artifactKey: Guid(3fd28d59f18747a4787e0fef93e4b03d) Importer(815301076,1909f56bfc062723c751e8b465ee728b)
Start importing Assets/area/road/glass - Copy.png using Guid(3fd28d59f18747a4787e0fef93e4b03d) Importer(815301076,1909f56bfc062723c751e8b465ee728b)  -> (artifact id: 'b11578fee71b35a3f04944023d1dc882') in 0.018757 seconds
Number of updated asset objects reloaded before import = 0
Number of asset objects unloaded after import = 2
========================================================================
Received Import Request.
  Time since last request: 0.000018 seconds.
  path: Assets/area/road/roak2.png
  artifactKey: Guid(dbf8fcee6c159f340b69352c70e138af) Importer(815301076,1909f56bfc062723c751e8b465ee728b)
Start importing Assets/area/road/roak2.png using Guid(dbf8fcee6c159f340b69352c70e138af) Importer(815301076,1909f56bfc062723c751e8b465ee728b)  -> (artifact id: 'c6ec7afd3f4a10bde79927189e3b960d') in 0.077215 seconds
Number of updated asset objects reloaded before import = 0
Number of asset objects unloaded after import = 2
========================================================================
Received Prepare
Begin MonoManager ReloadAssembly
- Loaded All Assemblies, in  0.734 seconds
Refreshing native plugins compatible for Editor in 3.58 ms, found 3 plugins.
Native extension for WindowsStandalone target not found
Native extension for iOS target not found
Native extension for Android target not found
Mono: successfully reloaded assembly
- Finished resetting the current domain, in  0.851 seconds
Domain Reload Profiling:
	ReloadAssembly (217ms)
		BeginReloadAssembly (144ms)
			ExecutionOrderSort (0ms)
			DisableScriptedObjects (4ms)
			BackupInstance (0ms)
			ReleaseScriptingObjects (0ms)
			CreateAndSetChildDomain (48ms)
		LoadAllAssembliesAndSetupDomain (513ms)
			LoadAssemblies (261ms)
			RebuildTransferFunctionScriptingTraits (0ms)
			SetupTypeCache (307ms)
				TypeCache.Initialize (301ms)
					TypeCache.ScanAssembly (294ms)
				ResolveRequiredComponents (6ms)
		FinalizeReload (0ms)
			ReleaseScriptCaches (0ms)
			RebuildScriptCaches (0ms)
			SetupLoadedEditorAssemblies (386ms)
				LogAssemblyErrors (0ms)
				InitializePlatformSupportModulesInManaged (31ms)
				SetLoadedEditorAssemblies (3ms)
				RefreshPlugins (0ms)
				BeforeProcessingInitializeOnLoad (59ms)
				ProcessInitializeOnLoadAttributes (267ms)
				ProcessInitializeOnLoadMethodAttributes (16ms)
				AfterProcessingInitializeOnLoad (9ms)
				EditorAssembliesLoaded (0ms)
			ExecutionOrderSort2 (0ms)
			AwakeInstancesAfterBackupRestoration (6ms)
Refreshing native plugins compatible for Editor in 5.24 ms, found 3 plugins.
Preloading 0 native plugins for Editor in 0.00 ms.
Unloading 3229 Unused Serialized files (Serialized files now loaded: 0)
Unloading 23 unused Assets / (101.7 KB). Loaded Objects now: 3801.
Memory consumption went from 127.4 MB to 127.3 MB.
Total: 4.147500 ms (FindLiveObjects: 0.429600 ms CreateObjectMapping: 0.353200 ms MarkObjects: 3.290400 ms  DeleteObjects: 0.073400 ms)

Prepare: number of updated asset objects reloaded= 0
AssetImportParameters requested are different than current active one (requested -> active):
  custom:container-demuxer-ogg: 62fdf1f143b41e24485cea50d1cbac27 -> 
  custom:video-decoder-ogg-theora: a1e56fd34408186e4bbccfd4996cb3dc -> 
  custom:framework-win-MediaFoundation: 216162199b28c13a410421893ffa2e32 -> 
  custom:container-demuxer-webm: 4f35f7cbe854078d1ac9338744f61a02 -> 
  custom:container-muxer-webm: aa71ff27fc2769a1b78a27578f13a17b -> 
  custom:video-decoder-webm-vp8: 9c59270c3fd7afecdb556c50c9e8de78 -> 
  custom:AudioImporter_EditorPlatform: d09bf68614088b80899f8185d706f6e7 -> 
  custom:video-encoder-webm-vp8: eb34c28f22e8b96e1ab97ce403110664 -> 
  custom:audio-decoder-ogg-vorbis: bf7c407c2cedff20999df2af8eb42d56 -> 
  custom:audio-encoder-webm-vorbis: bf7c407c2cedff20999df2af8eb42d56 -> 
Editor requested this worker to shutdown with reason: Scaling down because of idle timeout
TcpMessagingSession - receive error: operation aborted. errorcode: 995, details: The I/O operation has been aborted because of either a thread exit or an application request.
AssetImportWorker is now disconnected from the server
Process exiting
Exiting without the bug reporter. Application will terminate with return code 0