Using pre-set license
Built from '2022.3/staging' branch; Version is '2022.3.11f1 (d00248457e15) revision 13632072'; Using compiler version '192829333'; Build Type 'Release'
OS: 'Windows 10  (10.0.19045) 64bit Core' Language: 'en' Physical Memory: 65444 MB
BatchMode: 1, IsHumanControllingUs: 0, StartBugReporterOnCrash: 0, Is64bit: 1, IsPro: 1

COMMAND LINE ARGUMENTS:
D:\2022.3.11f1\Editor\Unity.exe
-adb2
-batchMode
-noUpm
-name
AssetImportWorker0
-projectPath
C:/Users/derri/OneDrive/Desktop/AtlusA
-logFile
Logs/AssetImportWorker0.log
-srvPort
58991
Successfully changed project path to: C:/Users/derri/OneDrive/Desktop/AtlusA
C:/Users/derri/OneDrive/Desktop/AtlusA
[UnityMemory] Configuration Parameters - Can be set up in boot.config
    "memorysetup-bucket-allocator-granularity=16"
    "memorysetup-bucket-allocator-bucket-count=8"
    "memorysetup-bucket-allocator-block-size=33554432"
    "memorysetup-bucket-allocator-block-count=8"
    "memorysetup-main-allocator-block-size=16777216"
    "memorysetup-thread-allocator-block-size=16777216"
    "memorysetup-gfx-main-allocator-block-size=16777216"
    "memorysetup-gfx-thread-allocator-block-size=16777216"
    "memorysetup-cache-allocator-block-size=4194304"
    "memorysetup-typetree-allocator-block-size=2097152"
    "memorysetup-profiler-bucket-allocator-granularity=16"
    "memorysetup-profiler-bucket-allocator-bucket-count=8"
    "memorysetup-profiler-bucket-allocator-block-size=33554432"
    "memorysetup-profiler-bucket-allocator-block-count=8"
    "memorysetup-profiler-allocator-block-size=16777216"
    "memorysetup-profiler-editor-allocator-block-size=1048576"
    "memorysetup-temp-allocator-size-main=16777216"
    "memorysetup-job-temp-allocator-block-size=2097152"
    "memorysetup-job-temp-allocator-block-size-background=1048576"
    "memorysetup-job-temp-allocator-reduction-small-platforms=262144"
    "memorysetup-allocator-temp-initial-block-size-main=262144"
    "memorysetup-allocator-temp-initial-block-size-worker=262144"
    "memorysetup-temp-allocator-size-background-worker=32768"
    "memorysetup-temp-allocator-size-job-worker=262144"
    "memorysetup-temp-allocator-size-preload-manager=33554432"
    "memorysetup-temp-allocator-size-nav-mesh-worker=65536"
    "memorysetup-temp-allocator-size-audio-worker=65536"
    "memorysetup-temp-allocator-size-cloud-worker=32768"
    "memorysetup-temp-allocator-size-gi-baking-worker=262144"
    "memorysetup-temp-allocator-size-gfx=262144"
Player connection [6980] Host "[IP] 192.168.233.1 [Port] 0 [Flags] 2 [Guid] 2042082009 [EditorId] 2042082009 [Version] 1048832 [Id] WindowsEditor(7,WINDOWS-7OO5T81) [Debug] 1 [PackageName] WindowsEditor [ProjectName] Editor" joined multi-casting on [225.0.0.222:54997]...

Player connection [6980] Host "[IP] 192.168.233.1 [Port] 0 [Flags] 2 [Guid] 2042082009 [EditorId] 2042082009 [Version] 1048832 [Id] WindowsEditor(7,WINDOWS-7OO5T81) [Debug] 1 [PackageName] WindowsEditor [ProjectName] Editor" joined alternative multi-casting on [225.0.0.222:34997]...

[Physics::Module] Initialized MultithreadedJobDispatcher with 31 workers.
Refreshing native plugins compatible for Editor in 8.80 ms, found 3 plugins.
Preloading 0 native plugins for Editor in 0.00 ms.
Initialize engine version: 2022.3.11f1 (d00248457e15)
[Subsystems] Discovering subsystems at path D:/2022.3.11f1/Editor/Data/Resources/UnitySubsystems
[Subsystems] Discovering subsystems at path C:/Users/derri/OneDrive/Desktop/AtlusA/Assets
GfxDevice: creating device client; threaded=0; jobified=0
Direct3D:
    Version:  Direct3D 11.0 [level 11.1]
    Renderer: NVIDIA GeForce RTX 3080 (ID=0x2206)
    Vendor:   NVIDIA
    VRAM:     10053 MB
    Driver:   31.0.15.5123
Initialize mono
Mono path[0] = 'D:/2022.3.11f1/Editor/Data/Managed'
Mono path[1] = 'D:/2022.3.11f1/Editor/Data/MonoBleedingEdge/lib/mono/unityjit-win32'
Mono config path = 'D:/2022.3.11f1/Editor/Data/MonoBleedingEdge/etc'
Using monoOptions --debugger-agent=transport=dt_socket,embedding=1,server=y,suspend=n,address=127.0.0.1:56080
Begin MonoManager ReloadAssembly
Registering precompiled unity dll's ...
Register platform support module: D:/2022.3.11f1/Editor/Data/PlaybackEngines/AndroidPlayer/UnityEditor.Android.Extensions.dll
Register platform support module: D:/2022.3.11f1/Editor/Data/PlaybackEngines/iOSSupport/UnityEditor.iOS.Extensions.dll
Register platform support module: D:/2022.3.11f1/Editor/Data/PlaybackEngines/WindowsStandaloneSupport/UnityEditor.WindowsStandalone.Extensions.dll
Registered in 0.005242 seconds.
- Loaded All Assemblies, in  0.292 seconds
Native extension for WindowsStandalone target not found
[usbmuxd] Start listen thread
[usbmuxd] Listen thread started
Native extension for iOS target not found
Native extension for Android target not found
Android Extension - Scanning For ADB Devices 272 ms
Mono: successfully reloaded assembly
- Finished resetting the current domain, in  0.532 seconds
Domain Reload Profiling: 824ms
	BeginReloadAssembly (96ms)
		ExecutionOrderSort (0ms)
		DisableScriptedObjects (0ms)
		BackupInstance (0ms)
		ReleaseScriptingObjects (0ms)
		CreateAndSetChildDomain (1ms)
	RebuildCommonClasses (27ms)
	RebuildNativeTypeToScriptingClass (8ms)
	initialDomainReloadingComplete (41ms)
	LoadAllAssembliesAndSetupDomain (120ms)
		LoadAssemblies (97ms)
		RebuildTransferFunctionScriptingTraits (0ms)
		AnalyzeDomain (117ms)
			TypeCache.Refresh (116ms)
				TypeCache.ScanAssembly (103ms)
			ScanForSourceGeneratedMonoScriptInfo (0ms)
			ResolveRequiredComponents (0ms)
	FinalizeReload (532ms)
		ReleaseScriptCaches (0ms)
		RebuildScriptCaches (0ms)
		SetupLoadedEditorAssemblies (486ms)
			LogAssemblyErrors (0ms)
			InitializePlatformSupportModulesInManaged (371ms)
			SetLoadedEditorAssemblies (3ms)
			RefreshPlugins (0ms)
			BeforeProcessingInitializeOnLoad (2ms)
			ProcessInitializeOnLoadAttributes (75ms)
			ProcessInitializeOnLoadMethodAttributes (35ms)
			AfterProcessingInitializeOnLoad (0ms)
			EditorAssembliesLoaded (0ms)
		ExecutionOrderSort2 (0ms)
		AwakeInstancesAfterBackupRestoration (0ms)
========================================================================
Worker process is ready to serve import requests
Begin MonoManager ReloadAssembly
- Loaded All Assemblies, in  0.478 seconds
Refreshing native plugins compatible for Editor in 3.47 ms, found 3 plugins.
Native extension for WindowsStandalone target not found
Native extension for iOS target not found
Native extension for Android target not found
Package Manager log level set to [2]
[Package Manager] Server::EnsureServerProcessIsRunning -- launch failed, reason: Unity was launched with the -noUpm command-line argument
[Package Manager] UpmClient::Send -- Unable to send message (not connected to UPM process).
[Package Manager] Cannot connect to Unity Package Manager local server
Mono: successfully reloaded assembly
- Finished resetting the current domain, in  0.447 seconds
Domain Reload Profiling: 923ms
	BeginReloadAssembly (128ms)
		ExecutionOrderSort (0ms)
		DisableScriptedObjects (5ms)
		BackupInstance (0ms)
		ReleaseScriptingObjects (0ms)
		CreateAndSetChildDomain (18ms)
	RebuildCommonClasses (25ms)
	RebuildNativeTypeToScriptingClass (8ms)
	initialDomainReloadingComplete (30ms)
	LoadAllAssembliesAndSetupDomain (285ms)
		LoadAssemblies (236ms)
		RebuildTransferFunctionScriptingTraits (0ms)
		AnalyzeDomain (131ms)
			TypeCache.Refresh (118ms)
				TypeCache.ScanAssembly (106ms)
			ScanForSourceGeneratedMonoScriptInfo (10ms)
			ResolveRequiredComponents (3ms)
	FinalizeReload (447ms)
		ReleaseScriptCaches (0ms)
		RebuildScriptCaches (0ms)
		SetupLoadedEditorAssemblies (316ms)
			LogAssemblyErrors (0ms)
			InitializePlatformSupportModulesInManaged (26ms)
			SetLoadedEditorAssemblies (3ms)
			RefreshPlugins (0ms)
			BeforeProcessingInitializeOnLoad (49ms)
			ProcessInitializeOnLoadAttributes (220ms)
			ProcessInitializeOnLoadMethodAttributes (16ms)
			AfterProcessingInitializeOnLoad (2ms)
			EditorAssembliesLoaded (0ms)
		ExecutionOrderSort2 (0ms)
		AwakeInstancesAfterBackupRestoration (5ms)
Launched and connected shader compiler UnityShaderCompiler.exe after 0.05 seconds
Refreshing native plugins compatible for Editor in 3.80 ms, found 3 plugins.
Preloading 0 native plugins for Editor in 0.00 ms.
Unloading 3082 Unused Serialized files (Serialized files now loaded: 0)
Unloading 32 unused Assets / (56.9 KB). Loaded Objects now: 3560.
Memory consumption went from 136.4 MB to 136.3 MB.
Total: 2.613900 ms (FindLiveObjects: 0.212600 ms CreateObjectMapping: 0.091100 ms MarkObjects: 2.211800 ms  DeleteObjects: 0.097400 ms)

AssetImportParameters requested are different than current active one (requested -> active):
  custom:container-demuxer-ogg: 62fdf1f143b41e24485cea50d1cbac27 -> 
  custom:video-decoder-ogg-theora: a1e56fd34408186e4bbccfd4996cb3dc -> 
  custom:framework-win-MediaFoundation: 216162199b28c13a410421893ffa2e32 -> 
  custom:CustomObjectIndexerAttribute: 756ad292c208cfabdd7b50bc23989ffe -> 
  custom:container-demuxer-webm: 4f35f7cbe854078d1ac9338744f61a02 -> 
  custom:container-muxer-webm: aa71ff27fc2769a1b78a27578f13a17b -> 
  custom:video-decoder-webm-vp8: 9c59270c3fd7afecdb556c50c9e8de78 -> 
  custom:SearchIndexIgnoredProperties: e643bd26f0fe6173181afceb89e7c659 -> 
  custom:AudioImporter_EditorPlatform: d09bf68614088b80899f8185d706f6e7 -> 
  custom:video-encoder-webm-vp8: eb34c28f22e8b96e1ab97ce403110664 -> 
  custom:audio-decoder-ogg-vorbis: bf7c407c2cedff20999df2af8eb42d56 -> 
  custom:audio-encoder-webm-vorbis: bf7c407c2cedff20999df2af8eb42d56 -> 
========================================================================
Received Import Request.
  Time since last request: 5534.607181 seconds.
  path: Assets/New Terrain.asset
  artifactKey: Guid(2833c668d11225947b52ed2ea7658723) Importer(815301076,1909f56bfc062723c751e8b465ee728b)
Start importing Assets/New Terrain.asset using Guid(2833c668d11225947b52ed2ea7658723) Importer(815301076,1909f56bfc062723c751e8b465ee728b)  -> (artifact id: 'c62a1220f3953a0c9d4af52ad1edaf8a') in 0.015496 seconds
Number of updated asset objects reloaded before import = 0
Number of asset objects unloaded after import = 1
========================================================================
Received Import Request.
  Time since last request: 89.527098 seconds.
  path: Assets
  artifactKey: Guid(00000000000000001000000000000000) Importer(815301076,1909f56bfc062723c751e8b465ee728b)
Start importing Assets using Guid(00000000000000001000000000000000) Importer(815301076,1909f56bfc062723c751e8b465ee728b)  -> (artifact id: '8a4fe85251aa2e89732c359432baa2c3') in 0.000414 seconds
Number of updated asset objects reloaded before import = 0
Number of asset objects unloaded after import = 0
========================================================================
Received Import Request.
  Time since last request: 9.606266 seconds.
  path: Assets/area
  artifactKey: Guid(d4e75a919c641e34d80878fdaf4b9674) Importer(815301076,1909f56bfc062723c751e8b465ee728b)
Start importing Assets/area using Guid(d4e75a919c641e34d80878fdaf4b9674) Importer(815301076,1909f56bfc062723c751e8b465ee728b)  -> (artifact id: '70357143f582ae570ace09f69edc66e1') in 0.000380 seconds
Number of updated asset objects reloaded before import = 0
Number of asset objects unloaded after import = 0
========================================================================
Received Import Request.
  Time since last request: 7.294753 seconds.
  path: Assets/sounds
  artifactKey: Guid(93aa3feef74ea404793babfdf0abbd34) Importer(815301076,1909f56bfc062723c751e8b465ee728b)
Start importing Assets/sounds using Guid(93aa3feef74ea404793babfdf0abbd34) Importer(815301076,1909f56bfc062723c751e8b465ee728b)  -> (artifact id: '9ababa44016055ac9ae4115c05c30f8f') in 0.000374 seconds
Number of updated asset objects reloaded before import = 0
Number of asset objects unloaded after import = 0
========================================================================
Received Import Request.
  Time since last request: 7.051201 seconds.
  path: Assets/UI
  artifactKey: Guid(c1373ad92b63e974c9a5f5f1f73961b4) Importer(815301076,1909f56bfc062723c751e8b465ee728b)
Start importing Assets/UI using Guid(c1373ad92b63e974c9a5f5f1f73961b4) Importer(815301076,1909f56bfc062723c751e8b465ee728b)  -> (artifact id: '59dac81fa54ef3e51bd74ec758f5a602') in 0.000415 seconds
Number of updated asset objects reloaded before import = 0
Number of asset objects unloaded after import = 0
========================================================================
Received Import Request.
  Time since last request: 7.679742 seconds.
  path: Assets/charicter
  artifactKey: Guid(2aafdf5d7da305e4088c8ce62212f418) Importer(815301076,1909f56bfc062723c751e8b465ee728b)
Start importing Assets/charicter using Guid(2aafdf5d7da305e4088c8ce62212f418) Importer(815301076,1909f56bfc062723c751e8b465ee728b)  -> (artifact id: 'eecf0b6aa1dd22b4dcc7688281deb499') in 0.000380 seconds
Number of updated asset objects reloaded before import = 0
Number of asset objects unloaded after import = 0
========================================================================
Received Import Request.
  Time since last request: 11.926685 seconds.
  path: Assets/enimies
  artifactKey: Guid(111b2f3a6a132bc44b324e48b0ab24d7) Importer(815301076,1909f56bfc062723c751e8b465ee728b)
Start importing Assets/enimies using Guid(111b2f3a6a132bc44b324e48b0ab24d7) Importer(815301076,1909f56bfc062723c751e8b465ee728b)  -> (artifact id: '8967176cec67e7183a6ccba7e5300858') in 0.000361 seconds
Number of updated asset objects reloaded before import = 0
Number of asset objects unloaded after import = 0
========================================================================
Received Import Request.
  Time since last request: 132.125419 seconds.
  path: Assets/area/grass
  artifactKey: Guid(336116184bfdca14389da915637d5ca2) Importer(815301076,1909f56bfc062723c751e8b465ee728b)
Start importing Assets/area/grass using Guid(336116184bfdca14389da915637d5ca2) Importer(815301076,1909f56bfc062723c751e8b465ee728b)  -> (artifact id: '9717544cf05e61dddd0544da2ead8b04') in 0.000364 seconds
Number of updated asset objects reloaded before import = 0
Number of asset objects unloaded after import = 0
========================================================================
Received Import Request.
  Time since last request: 7.348698 seconds.
  path: Assets/area/grass/grass 1.png
  artifactKey: Guid(4fadc2f40434d1540bb079d8160338d0) Importer(815301076,1909f56bfc062723c751e8b465ee728b)
Start importing Assets/area/grass/grass 1.png using Guid(4fadc2f40434d1540bb079d8160338d0) Importer(815301076,1909f56bfc062723c751e8b465ee728b)  -> (artifact id: '29c93be688cc3c9a33e8b52a5689cf28') in 0.139416 seconds
Number of updated asset objects reloaded before import = 0
Number of asset objects unloaded after import = 2
========================================================================
Received Import Request.
  Time since last request: 31.619593 seconds.
  path: Assets/area/grass/SAND.png
  artifactKey: Guid(74a5591ff33e5a9468c5fbf2755d1d67) Importer(815301076,1909f56bfc062723c751e8b465ee728b)
Start importing Assets/area/grass/SAND.png using Guid(74a5591ff33e5a9468c5fbf2755d1d67) Importer(815301076,1909f56bfc062723c751e8b465ee728b)  -> (artifact id: 'd9286d7a67c32cedcc74ea8157880b51') in 0.018688 seconds
Number of updated asset objects reloaded before import = 0
Number of asset objects unloaded after import = 2
========================================================================
Received Import Request.
  Time since last request: 32.458257 seconds.
  path: Assets/area/grass/New Material.mat
  artifactKey: Guid(b1c208d410be9474b8d5ba8030efc119) Importer(815301076,1909f56bfc062723c751e8b465ee728b)
Start importing Assets/area/grass/New Material.mat using Guid(b1c208d410be9474b8d5ba8030efc119) Importer(815301076,1909f56bfc062723c751e8b465ee728b)  -> (artifact id: 'b6de8347c59c0c2128e41efb369db18c') in 0.196027 seconds
Number of updated asset objects reloaded before import = 0
Number of asset objects unloaded after import = 1
========================================================================
Received Import Request.
  Time since last request: 46.996078 seconds.
  path: Assets/area/grass/sandd.mat
  artifactKey: Guid(b1c208d410be9474b8d5ba8030efc119) Importer(815301076,1909f56bfc062723c751e8b465ee728b)
Start importing Assets/area/grass/sandd.mat using Guid(b1c208d410be9474b8d5ba8030efc119) Importer(815301076,1909f56bfc062723c751e8b465ee728b)  -> (artifact id: '2144a885c23d40abdb0e832f653fcd33') in 0.012039 seconds
Number of updated asset objects reloaded before import = 0
Number of asset objects unloaded after import = 1
========================================================================
Received Import Request.
  Time since last request: 33.975596 seconds.
  path: Assets/area/grass/New Material.mat
  artifactKey: Guid(45c05ac530be59a43932812507faaceb) Importer(815301076,1909f56bfc062723c751e8b465ee728b)
Start importing Assets/area/grass/New Material.mat using Guid(45c05ac530be59a43932812507faaceb) Importer(815301076,1909f56bfc062723c751e8b465ee728b)  -> (artifact id: '64922f68ac807fff746fcde8104ed0a8') in 0.019490 seconds
Number of updated asset objects reloaded before import = 0
Number of asset objects unloaded after import = 1
========================================================================
Received Import Request.
  Time since last request: 43.329660 seconds.
  path: Assets/area/sandd.mat
  artifactKey: Guid(b1c208d410be9474b8d5ba8030efc119) Importer(815301076,1909f56bfc062723c751e8b465ee728b)
Start importing Assets/area/sandd.mat using Guid(b1c208d410be9474b8d5ba8030efc119) Importer(815301076,1909f56bfc062723c751e8b465ee728b)  -> (artifact id: '46279329a7725b4c1434b55d344a4039') in 0.011822 seconds
Number of updated asset objects reloaded before import = 0
Number of asset objects unloaded after import = 2
========================================================================
Received Import Request.
  Time since last request: 201.200338 seconds.
  path: Assets/area/SAND orang.png
  artifactKey: Guid(d710e17f8369c6b4bbd39a1a7762558b) Importer(815301076,1909f56bfc062723c751e8b465ee728b)
Start importing Assets/area/SAND orang.png using Guid(d710e17f8369c6b4bbd39a1a7762558b) Importer(815301076,1909f56bfc062723c751e8b465ee728b)  -> (artifact id: '97b6a4d73753cede091d7e7a3df3f1a6') in 0.016011 seconds
Number of updated asset objects reloaded before import = 0
Number of asset objects unloaded after import = 2
========================================================================
Received Import Request.
  Time since last request: 5.396933 seconds.
  path: Assets/area/brickjj.png
  artifactKey: Guid(a77f7ca5d7f8b374e80941325c407063) Importer(815301076,1909f56bfc062723c751e8b465ee728b)
Start importing Assets/area/brickjj.png using Guid(a77f7ca5d7f8b374e80941325c407063) Importer(815301076,1909f56bfc062723c751e8b465ee728b)  -> (artifact id: '82af343cc02045a31a76124cb746ff67') in 0.020473 seconds
Number of updated asset objects reloaded before import = 0
Number of asset objects unloaded after import = 2
========================================================================
Received Import Request.
  Time since last request: 55.771146 seconds.
  path: Assets/area/snow.png
  artifactKey: Guid(205c4d0bbf360bb4bae271980e50f3e8) Importer(815301076,1909f56bfc062723c751e8b465ee728b)
Start importing Assets/area/snow.png using Guid(205c4d0bbf360bb4bae271980e50f3e8) Importer(815301076,1909f56bfc062723c751e8b465ee728b)  -> (artifact id: '168f4680548a4a80dddc33662bed964a') in 0.016969 seconds
Number of updated asset objects reloaded before import = 0
Number of asset objects unloaded after import = 2
========================================================================
Received Import Request.
  Time since last request: 66.390262 seconds.
  path: Assets/area/NewLayer.terrainlayer
  artifactKey: Guid(a1a314db271391c44bcc2a10c0264aa0) Importer(815301076,1909f56bfc062723c751e8b465ee728b)
Start importing Assets/area/NewLayer.terrainlayer using Guid(a1a314db271391c44bcc2a10c0264aa0) Importer(815301076,1909f56bfc062723c751e8b465ee728b)  -> (artifact id: '599e7ac02365ff9a512182bd8c24e5f8') in 0.011394 seconds
Number of updated asset objects reloaded before import = 0
Number of asset objects unloaded after import = 2
