Using pre-set license
Built from '2022.3/staging' branch; Version is '2022.3.11f1 (d00248457e15) revision 13632072'; Using compiler version '192829333'; Build Type 'Release'
OS: 'Windows 10  (10.0.19045) 64bit Core' Language: 'en' Physical Memory: 65444 MB
BatchMode: 1, IsHumanControllingUs: 0, StartBugReporterOnCrash: 0, Is64bit: 1, IsPro: 1

COMMAND LINE ARGUMENTS:
D:\2022.3.11f1\Editor\Unity.exe
-adb2
-batchMode
-noUpm
-name
AssetImportWorker2
-projectPath
D:/github/Console-Game/Project/AtlusA
-logFile
Logs/AssetImportWorker2.log
-srvPort
55006
Successfully changed project path to: D:/github/Console-Game/Project/AtlusA
D:/github/Console-Game/Project/AtlusA
[UnityMemory] Configuration Parameters - Can be set up in boot.config
    "memorysetup-bucket-allocator-granularity=16"
    "memorysetup-bucket-allocator-bucket-count=8"
    "memorysetup-bucket-allocator-block-size=33554432"
    "memorysetup-bucket-allocator-block-count=8"
    "memorysetup-main-allocator-block-size=16777216"
    "memorysetup-thread-allocator-block-size=16777216"
    "memorysetup-gfx-main-allocator-block-size=16777216"
    "memorysetup-gfx-thread-allocator-block-size=16777216"
    "memorysetup-cache-allocator-block-size=4194304"
    "memorysetup-typetree-allocator-block-size=2097152"
    "memorysetup-profiler-bucket-allocator-granularity=16"
    "memorysetup-profiler-bucket-allocator-bucket-count=8"
    "memorysetup-profiler-bucket-allocator-block-size=33554432"
    "memorysetup-profiler-bucket-allocator-block-count=8"
    "memorysetup-profiler-allocator-block-size=16777216"
    "memorysetup-profiler-editor-allocator-block-size=1048576"
    "memorysetup-temp-allocator-size-main=16777216"
    "memorysetup-job-temp-allocator-block-size=2097152"
    "memorysetup-job-temp-allocator-block-size-background=1048576"
    "memorysetup-job-temp-allocator-reduction-small-platforms=262144"
    "memorysetup-allocator-temp-initial-block-size-main=262144"
    "memorysetup-allocator-temp-initial-block-size-worker=262144"
    "memorysetup-temp-allocator-size-background-worker=32768"
    "memorysetup-temp-allocator-size-job-worker=262144"
    "memorysetup-temp-allocator-size-preload-manager=33554432"
    "memorysetup-temp-allocator-size-nav-mesh-worker=65536"
    "memorysetup-temp-allocator-size-audio-worker=65536"
    "memorysetup-temp-allocator-size-cloud-worker=32768"
    "memorysetup-temp-allocator-size-gi-baking-worker=262144"
    "memorysetup-temp-allocator-size-gfx=262144"
Player connection [54628] Host "[IP] 192.168.233.1 [Port] 0 [Flags] 2 [Guid] 22267767 [EditorId] 22267767 [Version] 1048832 [Id] WindowsEditor(7,WINDOWS-7OO5T81) [Debug] 1 [PackageName] WindowsEditor [ProjectName] Editor" joined multi-casting on [225.0.0.222:54997]...

Player connection [54628] Host "[IP] 192.168.233.1 [Port] 0 [Flags] 2 [Guid] 22267767 [EditorId] 22267767 [Version] 1048832 [Id] WindowsEditor(7,WINDOWS-7OO5T81) [Debug] 1 [PackageName] WindowsEditor [ProjectName] Editor" joined alternative multi-casting on [225.0.0.222:34997]...

[Physics::Module] Initialized MultithreadedJobDispatcher with 31 workers.
Refreshing native plugins compatible for Editor in 8.78 ms, found 3 plugins.
Preloading 0 native plugins for Editor in 0.00 ms.
Initialize engine version: 2022.3.11f1 (d00248457e15)
[Subsystems] Discovering subsystems at path D:/2022.3.11f1/Editor/Data/Resources/UnitySubsystems
[Subsystems] Discovering subsystems at path D:/github/Console-Game/Project/AtlusA/Assets
GfxDevice: creating device client; threaded=0; jobified=0
Direct3D:
    Version:  Direct3D 11.0 [level 11.1]
    Renderer: NVIDIA GeForce RTX 3080 (ID=0x2206)
    Vendor:   NVIDIA
    VRAM:     10053 MB
    Driver:   31.0.15.5152
Initialize mono
Mono path[0] = 'D:/2022.3.11f1/Editor/Data/Managed'
Mono path[1] = 'D:/2022.3.11f1/Editor/Data/MonoBleedingEdge/lib/mono/unityjit-win32'
Mono config path = 'D:/2022.3.11f1/Editor/Data/MonoBleedingEdge/etc'
Using monoOptions --debugger-agent=transport=dt_socket,embedding=1,server=y,suspend=n,address=127.0.0.1:56276
Begin MonoManager ReloadAssembly
Registering precompiled unity dll's ...
Register platform support module: D:/2022.3.11f1/Editor/Data/PlaybackEngines/AndroidPlayer/UnityEditor.Android.Extensions.dll
Register platform support module: D:/2022.3.11f1/Editor/Data/PlaybackEngines/iOSSupport/UnityEditor.iOS.Extensions.dll
Register platform support module: D:/2022.3.11f1/Editor/Data/PlaybackEngines/WindowsStandaloneSupport/UnityEditor.WindowsStandalone.Extensions.dll
Registered in 0.005156 seconds.
- Loaded All Assemblies, in  0.378 seconds
Native extension for WindowsStandalone target not found
[usbmuxd] Start listen thread
[usbmuxd] Listen thread started
[usbmuxd] Send listen message
Native extension for iOS target not found
Native extension for Android target not found
Android Extension - Scanning For ADB Devices 1372 ms
Mono: successfully reloaded assembly
- Finished resetting the current domain, in  1.660 seconds
Domain Reload Profiling: 2038ms
	BeginReloadAssembly (158ms)
		ExecutionOrderSort (0ms)
		DisableScriptedObjects (0ms)
		BackupInstance (0ms)
		ReleaseScriptingObjects (0ms)
		CreateAndSetChildDomain (1ms)
	RebuildCommonClasses (30ms)
	RebuildNativeTypeToScriptingClass (10ms)
	initialDomainReloadingComplete (44ms)
	LoadAllAssembliesAndSetupDomain (135ms)
		LoadAssemblies (159ms)
		RebuildTransferFunctionScriptingTraits (0ms)
		AnalyzeDomain (132ms)
			TypeCache.Refresh (131ms)
				TypeCache.ScanAssembly (119ms)
			ScanForSourceGeneratedMonoScriptInfo (0ms)
			ResolveRequiredComponents (0ms)
	FinalizeReload (1661ms)
		ReleaseScriptCaches (0ms)
		RebuildScriptCaches (0ms)
		SetupLoadedEditorAssemblies (1612ms)
			LogAssemblyErrors (0ms)
			InitializePlatformSupportModulesInManaged (1481ms)
			SetLoadedEditorAssemblies (3ms)
			RefreshPlugins (0ms)
			BeforeProcessingInitializeOnLoad (2ms)
			ProcessInitializeOnLoadAttributes (84ms)
			ProcessInitializeOnLoadMethodAttributes (43ms)
			AfterProcessingInitializeOnLoad (0ms)
			EditorAssembliesLoaded (0ms)
		ExecutionOrderSort2 (0ms)
		AwakeInstancesAfterBackupRestoration (0ms)
========================================================================
Worker process is ready to serve import requests
Begin MonoManager ReloadAssembly
Symbol file data-0000024ADF481060 doesn't match image D:\github\Console-Game\Project\AtlusA\Library\ScriptAssemblies\Assembly-CSharp.dll
Symbol file LoadedFromMemory is not a mono symbol file
- Loaded All Assemblies, in  0.560 seconds
Refreshing native plugins compatible for Editor in 3.04 ms, found 3 plugins.
Native extension for WindowsStandalone target not found
Native extension for iOS target not found
Native extension for Android target not found
Package Manager log level set to [2]
[Package Manager] Server::EnsureServerProcessIsRunning -- launch failed, reason: Unity was launched with the -noUpm command-line argument
[Package Manager] UpmClient::Send -- Unable to send message (not connected to UPM process).
[Package Manager] Cannot connect to Unity Package Manager local server
Mono: successfully reloaded assembly
- Finished resetting the current domain, in  0.514 seconds
Domain Reload Profiling: 1074ms
	BeginReloadAssembly (154ms)
		ExecutionOrderSort (0ms)
		DisableScriptedObjects (5ms)
		BackupInstance (0ms)
		ReleaseScriptingObjects (0ms)
		CreateAndSetChildDomain (21ms)
	RebuildCommonClasses (29ms)
	RebuildNativeTypeToScriptingClass (10ms)
	initialDomainReloadingComplete (33ms)
	LoadAllAssembliesAndSetupDomain (334ms)
		LoadAssemblies (261ms)
		RebuildTransferFunctionScriptingTraits (0ms)
		AnalyzeDomain (170ms)
			TypeCache.Refresh (153ms)
				TypeCache.ScanAssembly (136ms)
			ScanForSourceGeneratedMonoScriptInfo (11ms)
			ResolveRequiredComponents (5ms)
	FinalizeReload (514ms)
		ReleaseScriptCaches (0ms)
		RebuildScriptCaches (0ms)
		SetupLoadedEditorAssemblies (363ms)
			LogAssemblyErrors (0ms)
			InitializePlatformSupportModulesInManaged (32ms)
			SetLoadedEditorAssemblies (4ms)
			RefreshPlugins (0ms)
			BeforeProcessingInitializeOnLoad (51ms)
			ProcessInitializeOnLoadAttributes (256ms)
			ProcessInitializeOnLoadMethodAttributes (18ms)
			AfterProcessingInitializeOnLoad (2ms)
			EditorAssembliesLoaded (0ms)
		ExecutionOrderSort2 (0ms)
		AwakeInstancesAfterBackupRestoration (6ms)
Launched and connected shader compiler UnityShaderCompiler.exe after 0.05 seconds
Refreshing native plugins compatible for Editor in 2.57 ms, found 3 plugins.
Preloading 0 native plugins for Editor in 0.00 ms.
Unloading 3247 Unused Serialized files (Serialized files now loaded: 0)
Unloading 45 unused Assets / (130.5 KB). Loaded Objects now: 3729.
Memory consumption went from 140.8 MB to 140.7 MB.
Total: 2.842100 ms (FindLiveObjects: 0.226700 ms CreateObjectMapping: 0.074400 ms MarkObjects: 2.429800 ms  DeleteObjects: 0.110700 ms)

AssetImportParameters requested are different than current active one (requested -> active):
  custom:container-demuxer-ogg: 62fdf1f143b41e24485cea50d1cbac27 -> 
  custom:video-decoder-ogg-theora: a1e56fd34408186e4bbccfd4996cb3dc -> 
  custom:framework-win-MediaFoundation: 216162199b28c13a410421893ffa2e32 -> 
  custom:container-demuxer-webm: 4f35f7cbe854078d1ac9338744f61a02 -> 
  custom:container-muxer-webm: aa71ff27fc2769a1b78a27578f13a17b -> 
  custom:video-decoder-webm-vp8: 9c59270c3fd7afecdb556c50c9e8de78 -> 
  custom:AudioImporter_EditorPlatform: d09bf68614088b80899f8185d706f6e7 -> 
  custom:video-encoder-webm-vp8: eb34c28f22e8b96e1ab97ce403110664 -> 
  custom:audio-decoder-ogg-vorbis: bf7c407c2cedff20999df2af8eb42d56 -> 
  custom:audio-encoder-webm-vorbis: bf7c407c2cedff20999df2af8eb42d56 -> 
========================================================================
Received Import Request.
  Time since last request: 146142.448712 seconds.
  path: Assets/area/DINER/sail.JPG
  artifactKey: Guid(b51196cd1bb880c4f82c23ef2d690df7) Importer(815301076,1909f56bfc062723c751e8b465ee728b)
Start importing Assets/area/DINER/sail.JPG using Guid(b51196cd1bb880c4f82c23ef2d690df7) Importer(815301076,1909f56bfc062723c751e8b465ee728b)  -> (artifact id: '22de07eecf751082f42b003cf175c53f') in 0.057379 seconds
Number of updated asset objects reloaded before import = 0
Number of asset objects unloaded after import = 2
========================================================================
Received Import Request.
  Time since last request: 0.000033 seconds.
  path: Assets/area/DINER/mug.fbx
  artifactKey: Guid(7cb61782832a5aa4b94ca92734347e6a) Importer(815301076,1909f56bfc062723c751e8b465ee728b)
Start importing Assets/area/DINER/mug.fbx using Guid(7cb61782832a5aa4b94ca92734347e6a) Importer(815301076,1909f56bfc062723c751e8b465ee728b)  -> (artifact id: '24dcc2c1a6fa724b31b11c76ebe39553') in 0.185264 seconds
Number of updated asset objects reloaded before import = 0
Number of asset objects unloaded after import = 57
========================================================================
Received Import Request.
  Time since last request: 0.000021 seconds.
  path: Assets/area/DINER/SMOKE.png
  artifactKey: Guid(7868e6e5e59ba4748ad1a68fffe3660f) Importer(815301076,1909f56bfc062723c751e8b465ee728b)
Start importing Assets/area/DINER/SMOKE.png using Guid(7868e6e5e59ba4748ad1a68fffe3660f) Importer(815301076,1909f56bfc062723c751e8b465ee728b)  -> (artifact id: 'f5bf9d915bac71a2e153dc86c49f90e2') in 0.041166 seconds
Number of updated asset objects reloaded before import = 0
Number of asset objects unloaded after import = 2
========================================================================
Received Import Request.
  Time since last request: 0.000021 seconds.
  path: Assets/area/DINER/NewLayer 1.terrainlayer
  artifactKey: Guid(55b703e06e9e7ae41ab3442b8d16f444) Importer(815301076,1909f56bfc062723c751e8b465ee728b)
Start importing Assets/area/DINER/NewLayer 1.terrainlayer using Guid(55b703e06e9e7ae41ab3442b8d16f444) Importer(815301076,1909f56bfc062723c751e8b465ee728b)  -> (artifact id: '70ff9a37f25bc0a2f8bbed9652f21f1b') in 0.021894 seconds
Number of updated asset objects reloaded before import = 0
Number of asset objects unloaded after import = 2
========================================================================
Received Import Request.
  Time since last request: 0.000032 seconds.
  path: Assets/area/DINER/light.mat
  artifactKey: Guid(77052f2d956315040a428537108aa984) Importer(815301076,1909f56bfc062723c751e8b465ee728b)
Start importing Assets/area/DINER/light.mat using Guid(77052f2d956315040a428537108aa984) Importer(815301076,1909f56bfc062723c751e8b465ee728b)  -> (artifact id: '0885c0924406f3e1c15aff03c1686f38') in 0.015002 seconds
Number of updated asset objects reloaded before import = 0
Number of asset objects unloaded after import = 1
========================================================================
Received Import Request.
  Time since last request: 0.000034 seconds.
  path: Assets/area/DINER/New Material.mat
  artifactKey: Guid(4620cb7d4b2236a499b3e4ddbcd743b4) Importer(815301076,1909f56bfc062723c751e8b465ee728b)
Start importing Assets/area/DINER/New Material.mat using Guid(4620cb7d4b2236a499b3e4ddbcd743b4) Importer(815301076,1909f56bfc062723c751e8b465ee728b)  -> (artifact id: '915b806bbf7d183364428348c156a8af') in 0.018243 seconds
Number of updated asset objects reloaded before import = 0
Number of asset objects unloaded after import = 1
========================================================================
Received Import Request.
  Time since last request: 0.000017 seconds.
  path: Assets/area/DINER/tvand and diner.png
  artifactKey: Guid(8e08dda0053755b44a6e15694a04e49a) Importer(815301076,1909f56bfc062723c751e8b465ee728b)
Start importing Assets/area/DINER/tvand and diner.png using Guid(8e08dda0053755b44a6e15694a04e49a) Importer(815301076,1909f56bfc062723c751e8b465ee728b)  -> (artifact id: '07850646be01f6e33289c4c7349e635d') in 0.012729 seconds
Number of updated asset objects reloaded before import = 0
Number of asset objects unloaded after import = 2
========================================================================
Received Import Request.
  Time since last request: 0.000018 seconds.
  path: Assets/area/DINER/WALL 2.mat
  artifactKey: Guid(e3a8378445bf7db479e8087f78f26d9d) Importer(815301076,1909f56bfc062723c751e8b465ee728b)
Start importing Assets/area/DINER/WALL 2.mat using Guid(e3a8378445bf7db479e8087f78f26d9d) Importer(815301076,1909f56bfc062723c751e8b465ee728b)  -> (artifact id: 'f475f828f9d5aa4c439e48d621765edd') in 0.016612 seconds
Number of updated asset objects reloaded before import = 0
Number of asset objects unloaded after import = 2
========================================================================
Received Import Request.
  Time since last request: 0.000019 seconds.
  path: Assets/area/DINER/RED 2.mat
  artifactKey: Guid(1d1798a323d211f42a572552417f7002) Importer(815301076,1909f56bfc062723c751e8b465ee728b)
Start importing Assets/area/DINER/RED 2.mat using Guid(1d1798a323d211f42a572552417f7002) Importer(815301076,1909f56bfc062723c751e8b465ee728b)  -> (artifact id: 'b050f72865f14437168613d4c5042066') in 0.014261 seconds
Number of updated asset objects reloaded before import = 0
Number of asset objects unloaded after import = 2
========================================================================
Received Import Request.
  Time since last request: 14.321493 seconds.
  path: Assets/area/barfloor nice.png
  artifactKey: Guid(04ad83a5505f0e8479e22c5be6b13858) Importer(815301076,1909f56bfc062723c751e8b465ee728b)
Start importing Assets/area/barfloor nice.png using Guid(04ad83a5505f0e8479e22c5be6b13858) Importer(815301076,1909f56bfc062723c751e8b465ee728b)  -> (artifact id: '681dee578f367164d51341f62d5909ba') in 0.012418 seconds
Number of updated asset objects reloaded before import = 0
Number of asset objects unloaded after import = 2
========================================================================
Received Import Request.
  Time since last request: 0.000017 seconds.
  path: Assets/area/NormalMap(7).png
  artifactKey: Guid(822a61f50e0402e4bb2d993cd59aa315) Importer(815301076,1909f56bfc062723c751e8b465ee728b)
Start importing Assets/area/NormalMap(7).png using Guid(822a61f50e0402e4bb2d993cd59aa315) Importer(815301076,1909f56bfc062723c751e8b465ee728b)  -> (artifact id: 'a4cb4c422869edfc689af7571d4cea42') in 0.020109 seconds
Number of updated asset objects reloaded before import = 0
Number of asset objects unloaded after import = 2
========================================================================
Received Prepare
Refreshing native plugins compatible for Editor in 4.42 ms, found 3 plugins.
Preloading 0 native plugins for Editor in 0.00 ms.
Unloading 1 Unused Serialized files (Serialized files now loaded: 0)
Unloading 2 unused Assets / (74.3 KB). Loaded Objects now: 3778.
Memory consumption went from 89.1 MB to 89.0 MB.
Total: 4.587000 ms (FindLiveObjects: 0.424100 ms CreateObjectMapping: 0.144500 ms MarkObjects: 3.980600 ms  DeleteObjects: 0.037100 ms)

Prepare: number of updated asset objects reloaded= 0
AssetImportParameters requested are different than current active one (requested -> active):
  custom:container-demuxer-ogg: 62fdf1f143b41e24485cea50d1cbac27 -> 
  custom:video-decoder-ogg-theora: a1e56fd34408186e4bbccfd4996cb3dc -> 
  custom:framework-win-MediaFoundation: 216162199b28c13a410421893ffa2e32 -> 
  custom:CustomObjectIndexerAttribute: 756ad292c208cfabdd7b50bc23989ffe -> 
  custom:container-demuxer-webm: 4f35f7cbe854078d1ac9338744f61a02 -> 
  custom:container-muxer-webm: aa71ff27fc2769a1b78a27578f13a17b -> 
  custom:video-decoder-webm-vp8: 9c59270c3fd7afecdb556c50c9e8de78 -> 
  custom:SearchIndexIgnoredProperties: e643bd26f0fe6173181afceb89e7c659 -> 
  custom:AudioImporter_EditorPlatform: d09bf68614088b80899f8185d706f6e7 -> 
  custom:video-encoder-webm-vp8: eb34c28f22e8b96e1ab97ce403110664 -> 
  custom:audio-decoder-ogg-vorbis: bf7c407c2cedff20999df2af8eb42d56 -> 
  custom:audio-encoder-webm-vorbis: bf7c407c2cedff20999df2af8eb42d56 -> 
========================================================================
Received Import Request.
  Time since last request: 56.066556 seconds.
  path: Assets/area/road/roak2.png
  artifactKey: Guid(dbf8fcee6c159f340b69352c70e138af) Importer(815301076,1909f56bfc062723c751e8b465ee728b)
Start importing Assets/area/road/roak2.png using Guid(dbf8fcee6c159f340b69352c70e138af) Importer(815301076,1909f56bfc062723c751e8b465ee728b)  -> (artifact id: '314d42909653db98b92775ce45ee9527') in 0.011897 seconds
Number of updated asset objects reloaded before import = 0
Number of asset objects unloaded after import = 2
========================================================================
Received Import Request.
  Time since last request: 681.494197 seconds.
  path: Assets/area/grass/grass2.png
  artifactKey: Guid(e3c062efb2ff84a48a5608ca40a8c25f) Importer(815301076,1909f56bfc062723c751e8b465ee728b)
Start importing Assets/area/grass/grass2.png using Guid(e3c062efb2ff84a48a5608ca40a8c25f) Importer(815301076,1909f56bfc062723c751e8b465ee728b)  -> (artifact id: '69f04cb6125aa30bedad6a6245fde164') in 0.015397 seconds
Number of updated asset objects reloaded before import = 0
Number of asset objects unloaded after import = 2
========================================================================
Received Import Request.
  Time since last request: 0.000010 seconds.
  path: Assets/area/grass/grass3.png
  artifactKey: Guid(e3e40fa137aa918478af68d16fa2f51e) Importer(815301076,1909f56bfc062723c751e8b465ee728b)
Start importing Assets/area/grass/grass3.png using Guid(e3e40fa137aa918478af68d16fa2f51e) Importer(815301076,1909f56bfc062723c751e8b465ee728b)  -> (artifact id: 'b52bd10b8aea81bba2957ae6301f6718') in 0.013706 seconds
Number of updated asset objects reloaded before import = 0
Number of asset objects unloaded after import = 2
========================================================================
Received Import Request.
  Time since last request: 14.491314 seconds.
  path: Assets/area/road/buildinggg2.png
  artifactKey: Guid(0c56a160d237b9c43955263dafab59e2) Importer(815301076,1909f56bfc062723c751e8b465ee728b)
Start importing Assets/area/road/buildinggg2.png using Guid(0c56a160d237b9c43955263dafab59e2) Importer(815301076,1909f56bfc062723c751e8b465ee728b)  -> (artifact id: '6eb84d0ba11ad408ab6a30cfef9b5efd') in 0.025242 seconds
Number of updated asset objects reloaded before import = 0
Number of asset objects unloaded after import = 2
========================================================================
Received Import Request.
  Time since last request: 120.258312 seconds.
  path: Assets/area/road/Materials/buildinggg.mat
  artifactKey: Guid(2b2e81a0006878648ba91edfcda331da) Importer(815301076,1909f56bfc062723c751e8b465ee728b)
Start importing Assets/area/road/Materials/buildinggg.mat using Guid(2b2e81a0006878648ba91edfcda331da) Importer(815301076,1909f56bfc062723c751e8b465ee728b)  -> (artifact id: '0d54bec33072989b5fa7195fa7462500') in 0.011681 seconds
Number of updated asset objects reloaded before import = 0
Number of asset objects unloaded after import = 2
========================================================================
Received Import Request.
  Time since last request: 0.002935 seconds.
  path: Assets/area/DINER/Materials/chairrr.mat
  artifactKey: Guid(21cf61d6e5e1b3c48a662f1992ea6655) Importer(815301076,1909f56bfc062723c751e8b465ee728b)
Start importing Assets/area/DINER/Materials/chairrr.mat using Guid(21cf61d6e5e1b3c48a662f1992ea6655) Importer(815301076,1909f56bfc062723c751e8b465ee728b)  -> (artifact id: 'bcb4a52861d0d52e1a4a29fdfda560bc') in 0.009997 seconds
Number of updated asset objects reloaded before import = 0
Number of asset objects unloaded after import = 2
========================================================================
Received Import Request.
  Time since last request: 0.000018 seconds.
  path: Assets/charicter/MODEL/Hip Hop Dancing(3).fbx
  artifactKey: Guid(c5229b3dd955f6941be3a48e7c24b0f2) Importer(815301076,1909f56bfc062723c751e8b465ee728b)
Start importing Assets/charicter/MODEL/Hip Hop Dancing(3).fbx using Guid(c5229b3dd955f6941be3a48e7c24b0f2) Importer(815301076,1909f56bfc062723c751e8b465ee728b)  -> (artifact id: '73a9035e1a66ea324233637f766ca5d3') in 0.124773 seconds
Number of updated asset objects reloaded before import = 0
Number of asset objects unloaded after import = 378
Editor requested this worker to shutdown with reason: Scaling down because of idle timeout
TcpMessagingSession - receive error: operation aborted. errorcode: 995, details: The I/O operation has been aborted because of either a thread exit or an application request.
AssetImportWorker is now disconnected from the server
Process exiting
Exiting without the bug reporter. Application will terminate with return code 0