Using pre-set license
Built from '2022.3/staging' branch; Version is '2022.3.11f1 (d00248457e15) revision 13632072'; Using compiler version '192829333'; Build Type 'Release'
OS: 'Windows 10  (10.0.19045) 64bit Core' Language: 'en' Physical Memory: 65444 MB
BatchMode: 1, IsHumanControllingUs: 0, StartBugReporterOnCrash: 0, Is64bit: 1, IsPro: 1

COMMAND LINE ARGUMENTS:
D:\2022.3.11f1\Editor\Unity.exe
-adb2
-batchMode
-noUpm
-name
AssetImportWorker3
-projectPath
D:/github/Console-Game/Project/AtlusA
-logFile
Logs/AssetImportWorker3.log
-srvPort
55006
Successfully changed project path to: D:/github/Console-Game/Project/AtlusA
D:/github/Console-Game/Project/AtlusA
[UnityMemory] Configuration Parameters - Can be set up in boot.config
    "memorysetup-bucket-allocator-granularity=16"
    "memorysetup-bucket-allocator-bucket-count=8"
    "memorysetup-bucket-allocator-block-size=33554432"
    "memorysetup-bucket-allocator-block-count=8"
    "memorysetup-main-allocator-block-size=16777216"
    "memorysetup-thread-allocator-block-size=16777216"
    "memorysetup-gfx-main-allocator-block-size=16777216"
    "memorysetup-gfx-thread-allocator-block-size=16777216"
    "memorysetup-cache-allocator-block-size=4194304"
    "memorysetup-typetree-allocator-block-size=2097152"
    "memorysetup-profiler-bucket-allocator-granularity=16"
    "memorysetup-profiler-bucket-allocator-bucket-count=8"
    "memorysetup-profiler-bucket-allocator-block-size=33554432"
    "memorysetup-profiler-bucket-allocator-block-count=8"
    "memorysetup-profiler-allocator-block-size=16777216"
    "memorysetup-profiler-editor-allocator-block-size=1048576"
    "memorysetup-temp-allocator-size-main=16777216"
    "memorysetup-job-temp-allocator-block-size=2097152"
    "memorysetup-job-temp-allocator-block-size-background=1048576"
    "memorysetup-job-temp-allocator-reduction-small-platforms=262144"
    "memorysetup-allocator-temp-initial-block-size-main=262144"
    "memorysetup-allocator-temp-initial-block-size-worker=262144"
    "memorysetup-temp-allocator-size-background-worker=32768"
    "memorysetup-temp-allocator-size-job-worker=262144"
    "memorysetup-temp-allocator-size-preload-manager=33554432"
    "memorysetup-temp-allocator-size-nav-mesh-worker=65536"
    "memorysetup-temp-allocator-size-audio-worker=65536"
    "memorysetup-temp-allocator-size-cloud-worker=32768"
    "memorysetup-temp-allocator-size-gi-baking-worker=262144"
    "memorysetup-temp-allocator-size-gfx=262144"
Player connection [16188] Host "[IP] 192.168.233.1 [Port] 0 [Flags] 2 [Guid] 1292873378 [EditorId] 1292873378 [Version] 1048832 [Id] WindowsEditor(7,WINDOWS-7OO5T81) [Debug] 1 [PackageName] WindowsEditor [ProjectName] Editor" joined multi-casting on [225.0.0.222:54997]...

Player connection [16188] Host "[IP] 192.168.233.1 [Port] 0 [Flags] 2 [Guid] 1292873378 [EditorId] 1292873378 [Version] 1048832 [Id] WindowsEditor(7,WINDOWS-7OO5T81) [Debug] 1 [PackageName] WindowsEditor [ProjectName] Editor" joined alternative multi-casting on [225.0.0.222:34997]...

[Physics::Module] Initialized MultithreadedJobDispatcher with 31 workers.
Refreshing native plugins compatible for Editor in 10.55 ms, found 3 plugins.
Preloading 0 native plugins for Editor in 0.00 ms.
Initialize engine version: 2022.3.11f1 (d00248457e15)
[Subsystems] Discovering subsystems at path D:/2022.3.11f1/Editor/Data/Resources/UnitySubsystems
[Subsystems] Discovering subsystems at path D:/github/Console-Game/Project/AtlusA/Assets
GfxDevice: creating device client; threaded=0; jobified=0
Direct3D:
    Version:  Direct3D 11.0 [level 11.1]
    Renderer: NVIDIA GeForce RTX 3080 (ID=0x2206)
    Vendor:   NVIDIA
    VRAM:     10053 MB
    Driver:   31.0.15.5152
Initialize mono
Mono path[0] = 'D:/2022.3.11f1/Editor/Data/Managed'
Mono path[1] = 'D:/2022.3.11f1/Editor/Data/MonoBleedingEdge/lib/mono/unityjit-win32'
Mono config path = 'D:/2022.3.11f1/Editor/Data/MonoBleedingEdge/etc'
Using monoOptions --debugger-agent=transport=dt_socket,embedding=1,server=y,suspend=n,address=127.0.0.1:56696
Begin MonoManager ReloadAssembly
Registering precompiled unity dll's ...
Register platform support module: D:/2022.3.11f1/Editor/Data/PlaybackEngines/AndroidPlayer/UnityEditor.Android.Extensions.dll
Register platform support module: D:/2022.3.11f1/Editor/Data/PlaybackEngines/iOSSupport/UnityEditor.iOS.Extensions.dll
Register platform support module: D:/2022.3.11f1/Editor/Data/PlaybackEngines/WindowsStandaloneSupport/UnityEditor.WindowsStandalone.Extensions.dll
Registered in 0.005364 seconds.
- Loaded All Assemblies, in  0.375 seconds
Native extension for WindowsStandalone target not found
[usbmuxd] Start listen thread
[usbmuxd] Listen thread started
[usbmuxd] Send listen message
Native extension for iOS target not found
Native extension for Android target not found
Android Extension - Scanning For ADB Devices 1346 ms
Mono: successfully reloaded assembly
- Finished resetting the current domain, in  1.637 seconds
Domain Reload Profiling: 2012ms
	BeginReloadAssembly (164ms)
		ExecutionOrderSort (0ms)
		DisableScriptedObjects (0ms)
		BackupInstance (0ms)
		ReleaseScriptingObjects (0ms)
		CreateAndSetChildDomain (1ms)
	RebuildCommonClasses (28ms)
	RebuildNativeTypeToScriptingClass (12ms)
	initialDomainReloadingComplete (47ms)
	LoadAllAssembliesAndSetupDomain (123ms)
		LoadAssemblies (165ms)
		RebuildTransferFunctionScriptingTraits (0ms)
		AnalyzeDomain (120ms)
			TypeCache.Refresh (119ms)
				TypeCache.ScanAssembly (107ms)
			ScanForSourceGeneratedMonoScriptInfo (0ms)
			ResolveRequiredComponents (0ms)
	FinalizeReload (1637ms)
		ReleaseScriptCaches (0ms)
		RebuildScriptCaches (0ms)
		SetupLoadedEditorAssemblies (1583ms)
			LogAssemblyErrors (0ms)
			InitializePlatformSupportModulesInManaged (1453ms)
			SetLoadedEditorAssemblies (3ms)
			RefreshPlugins (0ms)
			BeforeProcessingInitializeOnLoad (2ms)
			ProcessInitializeOnLoadAttributes (83ms)
			ProcessInitializeOnLoadMethodAttributes (42ms)
			AfterProcessingInitializeOnLoad (0ms)
			EditorAssembliesLoaded (0ms)
		ExecutionOrderSort2 (0ms)
		AwakeInstancesAfterBackupRestoration (0ms)
========================================================================
Worker process is ready to serve import requests
Begin MonoManager ReloadAssembly
Symbol file data-000001DBF879B020 doesn't match image D:\github\Console-Game\Project\AtlusA\Library\ScriptAssemblies\Assembly-CSharp.dll
Symbol file LoadedFromMemory is not a mono symbol file
- Loaded All Assemblies, in  0.557 seconds
Refreshing native plugins compatible for Editor in 2.66 ms, found 3 plugins.
Native extension for WindowsStandalone target not found
Native extension for iOS target not found
Native extension for Android target not found
Package Manager log level set to [2]
[Package Manager] Server::EnsureServerProcessIsRunning -- launch failed, reason: Unity was launched with the -noUpm command-line argument
[Package Manager] UpmClient::Send -- Unable to send message (not connected to UPM process).
[Package Manager] Cannot connect to Unity Package Manager local server
Mono: successfully reloaded assembly
- Finished resetting the current domain, in  0.517 seconds
Domain Reload Profiling: 1073ms
	BeginReloadAssembly (153ms)
		ExecutionOrderSort (0ms)
		DisableScriptedObjects (5ms)
		BackupInstance (0ms)
		ReleaseScriptingObjects (0ms)
		CreateAndSetChildDomain (22ms)
	RebuildCommonClasses (29ms)
	RebuildNativeTypeToScriptingClass (10ms)
	initialDomainReloadingComplete (35ms)
	LoadAllAssembliesAndSetupDomain (330ms)
		LoadAssemblies (259ms)
		RebuildTransferFunctionScriptingTraits (0ms)
		AnalyzeDomain (167ms)
			TypeCache.Refresh (148ms)
				TypeCache.ScanAssembly (130ms)
			ScanForSourceGeneratedMonoScriptInfo (14ms)
			ResolveRequiredComponents (4ms)
	FinalizeReload (517ms)
		ReleaseScriptCaches (0ms)
		RebuildScriptCaches (0ms)
		SetupLoadedEditorAssemblies (373ms)
			LogAssemblyErrors (0ms)
			InitializePlatformSupportModulesInManaged (29ms)
			SetLoadedEditorAssemblies (4ms)
			RefreshPlugins (0ms)
			BeforeProcessingInitializeOnLoad (53ms)
			ProcessInitializeOnLoadAttributes (267ms)
			ProcessInitializeOnLoadMethodAttributes (18ms)
			AfterProcessingInitializeOnLoad (2ms)
			EditorAssembliesLoaded (0ms)
		ExecutionOrderSort2 (0ms)
		AwakeInstancesAfterBackupRestoration (6ms)
Launched and connected shader compiler UnityShaderCompiler.exe after 0.05 seconds
Refreshing native plugins compatible for Editor in 3.15 ms, found 3 plugins.
Preloading 0 native plugins for Editor in 0.00 ms.
Unloading 3247 Unused Serialized files (Serialized files now loaded: 0)
Unloading 45 unused Assets / (130.5 KB). Loaded Objects now: 3729.
Memory consumption went from 140.8 MB to 140.7 MB.
Total: 3.777000 ms (FindLiveObjects: 0.424100 ms CreateObjectMapping: 0.127000 ms MarkObjects: 3.116200 ms  DeleteObjects: 0.108800 ms)

AssetImportParameters requested are different than current active one (requested -> active):
  custom:container-demuxer-ogg: 62fdf1f143b41e24485cea50d1cbac27 -> 
  custom:video-decoder-ogg-theora: a1e56fd34408186e4bbccfd4996cb3dc -> 
  custom:framework-win-MediaFoundation: 216162199b28c13a410421893ffa2e32 -> 
  custom:container-demuxer-webm: 4f35f7cbe854078d1ac9338744f61a02 -> 
  custom:container-muxer-webm: aa71ff27fc2769a1b78a27578f13a17b -> 
  custom:video-decoder-webm-vp8: 9c59270c3fd7afecdb556c50c9e8de78 -> 
  custom:AudioImporter_EditorPlatform: d09bf68614088b80899f8185d706f6e7 -> 
  custom:video-encoder-webm-vp8: eb34c28f22e8b96e1ab97ce403110664 -> 
  custom:audio-decoder-ogg-vorbis: bf7c407c2cedff20999df2af8eb42d56 -> 
  custom:audio-encoder-webm-vorbis: bf7c407c2cedff20999df2af8eb42d56 -> 
========================================================================
Received Import Request.
  Time since last request: 146142.426095 seconds.
  path: Assets/area/DINER/REDDDD2D.png
  artifactKey: Guid(912a48edc8bc69b41aebb5d1543da96f) Importer(815301076,1909f56bfc062723c751e8b465ee728b)
Start importing Assets/area/DINER/REDDDD2D.png using Guid(912a48edc8bc69b41aebb5d1543da96f) Importer(815301076,1909f56bfc062723c751e8b465ee728b)  -> (artifact id: '84e8c7924688407c1489786ccc236151') in 0.047822 seconds
Number of updated asset objects reloaded before import = 0
Number of asset objects unloaded after import = 2
========================================================================
Received Import Request.
  Time since last request: 0.000020 seconds.
  path: Assets/area/DINER/DINER.fbx
  artifactKey: Guid(f9a591e8b5ada0f479a92dc3f668b95a) Importer(815301076,1909f56bfc062723c751e8b465ee728b)
Start importing Assets/area/DINER/DINER.fbx using Guid(f9a591e8b5ada0f479a92dc3f668b95a) Importer(815301076,1909f56bfc062723c751e8b465ee728b)  -> (artifact id: '5f5945f98cfba6b42542fbbc37da2d2d') in 0.122100 seconds
Number of updated asset objects reloaded before import = 0
Number of asset objects unloaded after import = 80
========================================================================
Received Import Request.
  Time since last request: 0.000020 seconds.
  path: Assets/area/DINER/photo frame.fbx
  artifactKey: Guid(872f357735542264db8e5c65e1afa4d1) Importer(815301076,1909f56bfc062723c751e8b465ee728b)
Start importing Assets/area/DINER/photo frame.fbx using Guid(872f357735542264db8e5c65e1afa4d1) Importer(815301076,1909f56bfc062723c751e8b465ee728b)  -> (artifact id: 'dcb3541b0c0828fd59389572c15127da') in 0.087543 seconds
Number of updated asset objects reloaded before import = 0
Number of asset objects unloaded after import = 9
========================================================================
Received Import Request.
  Time since last request: 0.000022 seconds.
  path: Assets/area/DINER/RED 3.mat
  artifactKey: Guid(8a4aab56b5cc33a4c82ac6d400f22b7e) Importer(815301076,1909f56bfc062723c751e8b465ee728b)
Start importing Assets/area/DINER/RED 3.mat using Guid(8a4aab56b5cc33a4c82ac6d400f22b7e) Importer(815301076,1909f56bfc062723c751e8b465ee728b)  -> (artifact id: '892abcc681ac8e3db4e3482837c96087') in 0.018053 seconds
Number of updated asset objects reloaded before import = 0
Number of asset objects unloaded after import = 2
========================================================================
Received Import Request.
  Time since last request: 0.000032 seconds.
  path: Assets/area/DINER/DETAILS.mat
  artifactKey: Guid(9862f16acc0800f44aba290684590a45) Importer(815301076,1909f56bfc062723c751e8b465ee728b)
Start importing Assets/area/DINER/DETAILS.mat using Guid(9862f16acc0800f44aba290684590a45) Importer(815301076,1909f56bfc062723c751e8b465ee728b)  -> (artifact id: '2f8abe7fca2aa0e88623fa12f3177f8d') in 0.015890 seconds
Number of updated asset objects reloaded before import = 0
Number of asset objects unloaded after import = 2
========================================================================
Received Import Request.
  Time since last request: 0.000016 seconds.
  path: Assets/area/DINER/sdfsdf.PNG
  artifactKey: Guid(cd05dfc2f6c7f7644929463b6590c696) Importer(815301076,1909f56bfc062723c751e8b465ee728b)
Start importing Assets/area/DINER/sdfsdf.PNG using Guid(cd05dfc2f6c7f7644929463b6590c696) Importer(815301076,1909f56bfc062723c751e8b465ee728b)  -> (artifact id: 'b8130cb8a08422f9ab8f534be0165521') in 0.020499 seconds
Number of updated asset objects reloaded before import = 0
Number of asset objects unloaded after import = 2
========================================================================
Received Import Request.
  Time since last request: 0.000018 seconds.
  path: Assets/area/DINER/DETAILS.png
  artifactKey: Guid(36184a2dbcf53084197cfc7ca7ab35cd) Importer(815301076,1909f56bfc062723c751e8b465ee728b)
Start importing Assets/area/DINER/DETAILS.png using Guid(36184a2dbcf53084197cfc7ca7ab35cd) Importer(815301076,1909f56bfc062723c751e8b465ee728b)  -> (artifact id: '56796fdf519341c213f35310d51940ae') in 0.019633 seconds
Number of updated asset objects reloaded before import = 0
Number of asset objects unloaded after import = 2
========================================================================
Received Import Request.
  Time since last request: 0.000019 seconds.
  path: Assets/area/DINER/chairrr.png
  artifactKey: Guid(90ba44928a9546445a816b695d58d9c2) Importer(815301076,1909f56bfc062723c751e8b465ee728b)
Start importing Assets/area/DINER/chairrr.png using Guid(90ba44928a9546445a816b695d58d9c2) Importer(815301076,1909f56bfc062723c751e8b465ee728b)  -> (artifact id: '24533546ea200706ca8c5d725140fca3') in 0.014288 seconds
Number of updated asset objects reloaded before import = 0
Number of asset objects unloaded after import = 2
========================================================================
Received Import Request.
  Time since last request: 0.000017 seconds.
  path: Assets/area/DINER/saul egal.png
  artifactKey: Guid(edeafcb5d177f3d4ea09423d16b5069b) Importer(815301076,1909f56bfc062723c751e8b465ee728b)
Start importing Assets/area/DINER/saul egal.png using Guid(edeafcb5d177f3d4ea09423d16b5069b) Importer(815301076,1909f56bfc062723c751e8b465ee728b)  -> (artifact id: 'bfe2a021ab8d0e8f8914f8380f0fce76') in 0.015858 seconds
Number of updated asset objects reloaded before import = 0
Number of asset objects unloaded after import = 2
========================================================================
Received Import Request.
  Time since last request: 0.000013 seconds.
  path: Assets/area/DINER/BROWN.fbx
  artifactKey: Guid(816fa0f4ca63f884baba22984855b002) Importer(815301076,1909f56bfc062723c751e8b465ee728b)
Start importing Assets/area/DINER/BROWN.fbx using Guid(816fa0f4ca63f884baba22984855b002) Importer(815301076,1909f56bfc062723c751e8b465ee728b)  -> (artifact id: '5cdccc8f6ae368ea693427c50300ef8a') in 0.070614 seconds
Number of updated asset objects reloaded before import = 0
Number of asset objects unloaded after import = 2472
========================================================================
Received Import Request.
  Time since last request: 14.300180 seconds.
  path: Assets/area/NewLayer 1.terrainlayer
  artifactKey: Guid(a9c6b954443577c45b8ce59a29c002e3) Importer(815301076,1909f56bfc062723c751e8b465ee728b)
Start importing Assets/area/NewLayer 1.terrainlayer using Guid(a9c6b954443577c45b8ce59a29c002e3) Importer(815301076,1909f56bfc062723c751e8b465ee728b)  -> (artifact id: '74c4d3b78c632a3a37d52b6f384037e1') in 0.015736 seconds
Number of updated asset objects reloaded before import = 0
Number of asset objects unloaded after import = 2
========================================================================
Received Import Request.
  Time since last request: 0.000014 seconds.
  path: Assets/area/snow.png
  artifactKey: Guid(205c4d0bbf360bb4bae271980e50f3e8) Importer(815301076,1909f56bfc062723c751e8b465ee728b)
Start importing Assets/area/snow.png using Guid(205c4d0bbf360bb4bae271980e50f3e8) Importer(815301076,1909f56bfc062723c751e8b465ee728b)  -> (artifact id: '9c5a776265caed029bf88d4346196efb') in 0.030924 seconds
Number of updated asset objects reloaded before import = 0
Number of asset objects unloaded after import = 2
========================================================================
Received Prepare
Refreshing native plugins compatible for Editor in 4.24 ms, found 3 plugins.
Preloading 0 native plugins for Editor in 0.00 ms.
Unloading 1 Unused Serialized files (Serialized files now loaded: 0)
Unloading 2 unused Assets / (74.3 KB). Loaded Objects now: 3776.
Memory consumption went from 90.0 MB to 90.0 MB.
Total: 4.672000 ms (FindLiveObjects: 0.432800 ms CreateObjectMapping: 0.128600 ms MarkObjects: 4.068800 ms  DeleteObjects: 0.041000 ms)

Prepare: number of updated asset objects reloaded= 0
AssetImportParameters requested are different than current active one (requested -> active):
  custom:container-demuxer-ogg: 62fdf1f143b41e24485cea50d1cbac27 -> 
  custom:video-decoder-ogg-theora: a1e56fd34408186e4bbccfd4996cb3dc -> 
  custom:framework-win-MediaFoundation: 216162199b28c13a410421893ffa2e32 -> 
  custom:CustomObjectIndexerAttribute: 756ad292c208cfabdd7b50bc23989ffe -> 
  custom:container-demuxer-webm: 4f35f7cbe854078d1ac9338744f61a02 -> 
  custom:container-muxer-webm: aa71ff27fc2769a1b78a27578f13a17b -> 
  custom:video-decoder-webm-vp8: 9c59270c3fd7afecdb556c50c9e8de78 -> 
  custom:SearchIndexIgnoredProperties: e643bd26f0fe6173181afceb89e7c659 -> 
  custom:AudioImporter_EditorPlatform: d09bf68614088b80899f8185d706f6e7 -> 
  custom:video-encoder-webm-vp8: eb34c28f22e8b96e1ab97ce403110664 -> 
  custom:audio-decoder-ogg-vorbis: bf7c407c2cedff20999df2af8eb42d56 -> 
  custom:audio-encoder-webm-vorbis: bf7c407c2cedff20999df2af8eb42d56 -> 
Editor requested this worker to shutdown with reason: Scaling down because of idle timeout
TcpMessagingSession - receive error: operation aborted. errorcode: 995, details: The I/O operation has been aborted because of either a thread exit or an application request.
AssetImportWorker is now disconnected from the server
Process exiting
Exiting without the bug reporter. Application will terminate with return code 0