Using pre-set license
Built from '2022.3/staging' branch; Version is '2022.3.11f1 (d00248457e15) revision 13632072'; Using compiler version '192829333'; Build Type 'Release'
OS: 'Windows 10  (10.0.19045) 64bit Core' Language: 'en' Physical Memory: 65444 MB
BatchMode: 1, IsHumanControllingUs: 0, StartBugReporterOnCrash: 0, Is64bit: 1, IsPro: 1

COMMAND LINE ARGUMENTS:
D:\2022.3.11f1\Editor\Unity.exe
-adb2
-batchMode
-noUpm
-name
AssetImportWorker4
-projectPath
D:/github/Console-Game/Project/AtlusA
-logFile
Logs/AssetImportWorker4.log
-srvPort
55006
Successfully changed project path to: D:/github/Console-Game/Project/AtlusA
D:/github/Console-Game/Project/AtlusA
[UnityMemory] Configuration Parameters - Can be set up in boot.config
    "memorysetup-bucket-allocator-granularity=16"
    "memorysetup-bucket-allocator-bucket-count=8"
    "memorysetup-bucket-allocator-block-size=33554432"
    "memorysetup-bucket-allocator-block-count=8"
    "memorysetup-main-allocator-block-size=16777216"
    "memorysetup-thread-allocator-block-size=16777216"
    "memorysetup-gfx-main-allocator-block-size=16777216"
    "memorysetup-gfx-thread-allocator-block-size=16777216"
    "memorysetup-cache-allocator-block-size=4194304"
    "memorysetup-typetree-allocator-block-size=2097152"
    "memorysetup-profiler-bucket-allocator-granularity=16"
    "memorysetup-profiler-bucket-allocator-bucket-count=8"
    "memorysetup-profiler-bucket-allocator-block-size=33554432"
    "memorysetup-profiler-bucket-allocator-block-count=8"
    "memorysetup-profiler-allocator-block-size=16777216"
    "memorysetup-profiler-editor-allocator-block-size=1048576"
    "memorysetup-temp-allocator-size-main=16777216"
    "memorysetup-job-temp-allocator-block-size=2097152"
    "memorysetup-job-temp-allocator-block-size-background=1048576"
    "memorysetup-job-temp-allocator-reduction-small-platforms=262144"
    "memorysetup-allocator-temp-initial-block-size-main=262144"
    "memorysetup-allocator-temp-initial-block-size-worker=262144"
    "memorysetup-temp-allocator-size-background-worker=32768"
    "memorysetup-temp-allocator-size-job-worker=262144"
    "memorysetup-temp-allocator-size-preload-manager=33554432"
    "memorysetup-temp-allocator-size-nav-mesh-worker=65536"
    "memorysetup-temp-allocator-size-audio-worker=65536"
    "memorysetup-temp-allocator-size-cloud-worker=32768"
    "memorysetup-temp-allocator-size-gi-baking-worker=262144"
    "memorysetup-temp-allocator-size-gfx=262144"
Player connection [46968] Host "[IP] 192.168.233.1 [Port] 0 [Flags] 2 [Guid] 82241739 [EditorId] 82241739 [Version] 1048832 [Id] WindowsEditor(7,WINDOWS-7OO5T81) [Debug] 1 [PackageName] WindowsEditor [ProjectName] Editor" joined multi-casting on [225.0.0.222:54997]...

Player connection [46968] Host "[IP] 192.168.233.1 [Port] 0 [Flags] 2 [Guid] 82241739 [EditorId] 82241739 [Version] 1048832 [Id] WindowsEditor(7,WINDOWS-7OO5T81) [Debug] 1 [PackageName] WindowsEditor [ProjectName] Editor" joined alternative multi-casting on [225.0.0.222:34997]...

[Physics::Module] Initialized MultithreadedJobDispatcher with 31 workers.
Refreshing native plugins compatible for Editor in 9.16 ms, found 3 plugins.
Preloading 0 native plugins for Editor in 0.00 ms.
Initialize engine version: 2022.3.11f1 (d00248457e15)
[Subsystems] Discovering subsystems at path D:/2022.3.11f1/Editor/Data/Resources/UnitySubsystems
[Subsystems] Discovering subsystems at path D:/github/Console-Game/Project/AtlusA/Assets
GfxDevice: creating device client; threaded=0; jobified=0
Direct3D:
    Version:  Direct3D 11.0 [level 11.1]
    Renderer: NVIDIA GeForce RTX 3080 (ID=0x2206)
    Vendor:   NVIDIA
    VRAM:     10053 MB
    Driver:   31.0.15.5152
Initialize mono
Mono path[0] = 'D:/2022.3.11f1/Editor/Data/Managed'
Mono path[1] = 'D:/2022.3.11f1/Editor/Data/MonoBleedingEdge/lib/mono/unityjit-win32'
Mono config path = 'D:/2022.3.11f1/Editor/Data/MonoBleedingEdge/etc'
Using monoOptions --debugger-agent=transport=dt_socket,embedding=1,server=y,suspend=n,address=127.0.0.1:56860
Begin MonoManager ReloadAssembly
Registering precompiled unity dll's ...
Register platform support module: D:/2022.3.11f1/Editor/Data/PlaybackEngines/AndroidPlayer/UnityEditor.Android.Extensions.dll
Register platform support module: D:/2022.3.11f1/Editor/Data/PlaybackEngines/iOSSupport/UnityEditor.iOS.Extensions.dll
Register platform support module: D:/2022.3.11f1/Editor/Data/PlaybackEngines/WindowsStandaloneSupport/UnityEditor.WindowsStandalone.Extensions.dll
Registered in 0.006706 seconds.
- Loaded All Assemblies, in  0.378 seconds
Native extension for WindowsStandalone target not found
[usbmuxd] Start listen thread
[usbmuxd] Listen thread started
[usbmuxd] Send listen message
Native extension for iOS target not found
Native extension for Android target not found
Android Extension - Scanning For ADB Devices 1461 ms
Mono: successfully reloaded assembly
- Finished resetting the current domain, in  1.749 seconds
Domain Reload Profiling: 2127ms
	BeginReloadAssembly (173ms)
		ExecutionOrderSort (0ms)
		DisableScriptedObjects (0ms)
		BackupInstance (0ms)
		ReleaseScriptingObjects (0ms)
		CreateAndSetChildDomain (1ms)
	RebuildCommonClasses (27ms)
	RebuildNativeTypeToScriptingClass (9ms)
	initialDomainReloadingComplete (44ms)
	LoadAllAssembliesAndSetupDomain (125ms)
		LoadAssemblies (174ms)
		RebuildTransferFunctionScriptingTraits (0ms)
		AnalyzeDomain (121ms)
			TypeCache.Refresh (120ms)
				TypeCache.ScanAssembly (109ms)
			ScanForSourceGeneratedMonoScriptInfo (0ms)
			ResolveRequiredComponents (0ms)
	FinalizeReload (1749ms)
		ReleaseScriptCaches (0ms)
		RebuildScriptCaches (0ms)
		SetupLoadedEditorAssemblies (1696ms)
			LogAssemblyErrors (0ms)
			InitializePlatformSupportModulesInManaged (1572ms)
			SetLoadedEditorAssemblies (4ms)
			RefreshPlugins (0ms)
			BeforeProcessingInitializeOnLoad (2ms)
			ProcessInitializeOnLoadAttributes (81ms)
			ProcessInitializeOnLoadMethodAttributes (37ms)
			AfterProcessingInitializeOnLoad (0ms)
			EditorAssembliesLoaded (0ms)
		ExecutionOrderSort2 (0ms)
		AwakeInstancesAfterBackupRestoration (0ms)
========================================================================
Worker process is ready to serve import requests
Begin MonoManager ReloadAssembly
Symbol file data-000002348D7B9020 doesn't match image D:\github\Console-Game\Project\AtlusA\Library\ScriptAssemblies\Assembly-CSharp.dll
Symbol file LoadedFromMemory is not a mono symbol file
- Loaded All Assemblies, in  0.558 seconds
Refreshing native plugins compatible for Editor in 3.62 ms, found 3 plugins.
Native extension for WindowsStandalone target not found
Native extension for iOS target not found
Native extension for Android target not found
Package Manager log level set to [2]
[Package Manager] Server::EnsureServerProcessIsRunning -- launch failed, reason: Unity was launched with the -noUpm command-line argument
[Package Manager] UpmClient::Send -- Unable to send message (not connected to UPM process).
[Package Manager] Cannot connect to Unity Package Manager local server
Mono: successfully reloaded assembly
- Finished resetting the current domain, in  0.532 seconds
Domain Reload Profiling: 1090ms
	BeginReloadAssembly (148ms)
		ExecutionOrderSort (0ms)
		DisableScriptedObjects (5ms)
		BackupInstance (0ms)
		ReleaseScriptingObjects (0ms)
		CreateAndSetChildDomain (20ms)
	RebuildCommonClasses (30ms)
	RebuildNativeTypeToScriptingClass (8ms)
	initialDomainReloadingComplete (33ms)
	LoadAllAssembliesAndSetupDomain (339ms)
		LoadAssemblies (273ms)
		RebuildTransferFunctionScriptingTraits (0ms)
		AnalyzeDomain (162ms)
			TypeCache.Refresh (145ms)
				TypeCache.ScanAssembly (129ms)
			ScanForSourceGeneratedMonoScriptInfo (13ms)
			ResolveRequiredComponents (4ms)
	FinalizeReload (533ms)
		ReleaseScriptCaches (0ms)
		RebuildScriptCaches (0ms)
		SetupLoadedEditorAssemblies (383ms)
			LogAssemblyErrors (0ms)
			InitializePlatformSupportModulesInManaged (28ms)
			SetLoadedEditorAssemblies (4ms)
			RefreshPlugins (0ms)
			BeforeProcessingInitializeOnLoad (50ms)
			ProcessInitializeOnLoadAttributes (278ms)
			ProcessInitializeOnLoadMethodAttributes (21ms)
			AfterProcessingInitializeOnLoad (3ms)
			EditorAssembliesLoaded (0ms)
		ExecutionOrderSort2 (0ms)
		AwakeInstancesAfterBackupRestoration (6ms)
Launched and connected shader compiler UnityShaderCompiler.exe after 0.06 seconds
Refreshing native plugins compatible for Editor in 4.59 ms, found 3 plugins.
Preloading 0 native plugins for Editor in 0.00 ms.
Unloading 3247 Unused Serialized files (Serialized files now loaded: 0)
Unloading 45 unused Assets / (130.5 KB). Loaded Objects now: 3729.
Memory consumption went from 140.8 MB to 140.7 MB.
Total: 4.392900 ms (FindLiveObjects: 0.406900 ms CreateObjectMapping: 0.123700 ms MarkObjects: 3.717800 ms  DeleteObjects: 0.143600 ms)

AssetImportParameters requested are different than current active one (requested -> active):
  custom:container-demuxer-ogg: 62fdf1f143b41e24485cea50d1cbac27 -> 
  custom:video-decoder-ogg-theora: a1e56fd34408186e4bbccfd4996cb3dc -> 
  custom:framework-win-MediaFoundation: 216162199b28c13a410421893ffa2e32 -> 
  custom:container-demuxer-webm: 4f35f7cbe854078d1ac9338744f61a02 -> 
  custom:container-muxer-webm: aa71ff27fc2769a1b78a27578f13a17b -> 
  custom:video-decoder-webm-vp8: 9c59270c3fd7afecdb556c50c9e8de78 -> 
  custom:AudioImporter_EditorPlatform: d09bf68614088b80899f8185d706f6e7 -> 
  custom:video-encoder-webm-vp8: eb34c28f22e8b96e1ab97ce403110664 -> 
  custom:audio-decoder-ogg-vorbis: bf7c407c2cedff20999df2af8eb42d56 -> 
  custom:audio-encoder-webm-vorbis: bf7c407c2cedff20999df2af8eb42d56 -> 
========================================================================
Received Import Request.
  Time since last request: 146142.643880 seconds.
  path: Assets/area/DINER/REDDDDD.png
  artifactKey: Guid(7c104aa29e432e049b43e9842c432a35) Importer(815301076,1909f56bfc062723c751e8b465ee728b)
Start importing Assets/area/DINER/REDDDDD.png using Guid(7c104aa29e432e049b43e9842c432a35) Importer(815301076,1909f56bfc062723c751e8b465ee728b)  -> (artifact id: '0543f7a857b45838ecf0b34aff9539be') in 0.092727 seconds
Number of updated asset objects reloaded before import = 0
Number of asset objects unloaded after import = 2
========================================================================
Received Import Request.
  Time since last request: 0.000037 seconds.
  path: Assets/area/DINER/NewLayer.terrainlayer
  artifactKey: Guid(3e4b3f548e4c7ae41bc0f5a965fd9c41) Importer(815301076,1909f56bfc062723c751e8b465ee728b)
Start importing Assets/area/DINER/NewLayer.terrainlayer using Guid(3e4b3f548e4c7ae41bc0f5a965fd9c41) Importer(815301076,1909f56bfc062723c751e8b465ee728b)  -> (artifact id: 'ef13184c7d833fb3bf5938bde50bf122') in 0.023710 seconds
Number of updated asset objects reloaded before import = 0
Number of asset objects unloaded after import = 2
========================================================================
Received Import Request.
  Time since last request: 0.000018 seconds.
  path: Assets/area/DINER/WALLSd.png
  artifactKey: Guid(b3304303b913bfa428f44759f62981f7) Importer(815301076,1909f56bfc062723c751e8b465ee728b)
Start importing Assets/area/DINER/WALLSd.png using Guid(b3304303b913bfa428f44759f62981f7) Importer(815301076,1909f56bfc062723c751e8b465ee728b)  -> (artifact id: '101a1058e3bbb78a355fdfce3689c7c9') in 0.014646 seconds
Number of updated asset objects reloaded before import = 0
Number of asset objects unloaded after import = 2
========================================================================
Received Import Request.
  Time since last request: 0.000016 seconds.
  path: Assets/area/DINER/light.fbx
  artifactKey: Guid(131562c230036c34b80af2760d5dbd66) Importer(815301076,1909f56bfc062723c751e8b465ee728b)
Start importing Assets/area/DINER/light.fbx using Guid(131562c230036c34b80af2760d5dbd66) Importer(815301076,1909f56bfc062723c751e8b465ee728b)  -> (artifact id: '37980fbc94fe97706777548fd7431e52') in 0.093622 seconds
Number of updated asset objects reloaded before import = 0
Number of asset objects unloaded after import = 19
========================================================================
Received Import Request.
  Time since last request: 14.286576 seconds.
  path: Assets/area/bar floor.png
  artifactKey: Guid(7494f4e33fb9b6e428ebfaaeaa3bc4eb) Importer(815301076,1909f56bfc062723c751e8b465ee728b)
Start importing Assets/area/bar floor.png using Guid(7494f4e33fb9b6e428ebfaaeaa3bc4eb) Importer(815301076,1909f56bfc062723c751e8b465ee728b)  -> (artifact id: '4b727bffdef836cccbe6c040f69f79f5') in 0.012489 seconds
Number of updated asset objects reloaded before import = 0
Number of asset objects unloaded after import = 2
========================================================================
Received Import Request.
  Time since last request: 0.000015 seconds.
  path: Assets/area/NewLayer 4.terrainlayer
  artifactKey: Guid(d3a63dcfb0675fd4ea932b7b8950af23) Importer(815301076,1909f56bfc062723c751e8b465ee728b)
Start importing Assets/area/NewLayer 4.terrainlayer using Guid(d3a63dcfb0675fd4ea932b7b8950af23) Importer(815301076,1909f56bfc062723c751e8b465ee728b)  -> (artifact id: 'f5ec6a6b468cc93a80e4b02d07776d77') in 0.014436 seconds
Number of updated asset objects reloaded before import = 0
Number of asset objects unloaded after import = 4
========================================================================
Received Import Request.
  Time since last request: 0.000014 seconds.
  path: Assets/area/SAND.png
  artifactKey: Guid(74a5591ff33e5a9468c5fbf2755d1d67) Importer(815301076,1909f56bfc062723c751e8b465ee728b)
Start importing Assets/area/SAND.png using Guid(74a5591ff33e5a9468c5fbf2755d1d67) Importer(815301076,1909f56bfc062723c751e8b465ee728b)  -> (artifact id: '7820d4559889614a3c7ab7e3ea615d54') in 0.012506 seconds
Number of updated asset objects reloaded before import = 0
Number of asset objects unloaded after import = 2
========================================================================
Received Prepare
Refreshing native plugins compatible for Editor in 4.18 ms, found 3 plugins.
Preloading 0 native plugins for Editor in 0.00 ms.
Unloading 1 Unused Serialized files (Serialized files now loaded: 0)
Unloading 2 unused Assets / (74.3 KB). Loaded Objects now: 3777.
Memory consumption went from 89.0 MB to 89.0 MB.
Total: 4.809800 ms (FindLiveObjects: 0.462700 ms CreateObjectMapping: 0.124300 ms MarkObjects: 4.168700 ms  DeleteObjects: 0.053100 ms)

Prepare: number of updated asset objects reloaded= 0
AssetImportParameters requested are different than current active one (requested -> active):
  custom:container-demuxer-ogg: 62fdf1f143b41e24485cea50d1cbac27 -> 
  custom:video-decoder-ogg-theora: a1e56fd34408186e4bbccfd4996cb3dc -> 
  custom:framework-win-MediaFoundation: 216162199b28c13a410421893ffa2e32 -> 
  custom:CustomObjectIndexerAttribute: 756ad292c208cfabdd7b50bc23989ffe -> 
  custom:container-demuxer-webm: 4f35f7cbe854078d1ac9338744f61a02 -> 
  custom:container-muxer-webm: aa71ff27fc2769a1b78a27578f13a17b -> 
  custom:video-decoder-webm-vp8: 9c59270c3fd7afecdb556c50c9e8de78 -> 
  custom:SearchIndexIgnoredProperties: e643bd26f0fe6173181afceb89e7c659 -> 
  custom:AudioImporter_EditorPlatform: d09bf68614088b80899f8185d706f6e7 -> 
  custom:video-encoder-webm-vp8: eb34c28f22e8b96e1ab97ce403110664 -> 
  custom:audio-decoder-ogg-vorbis: bf7c407c2cedff20999df2af8eb42d56 -> 
  custom:audio-encoder-webm-vorbis: bf7c407c2cedff20999df2af8eb42d56 -> 
========================================================================
Received Import Request.
  Time since last request: 35.061599 seconds.
  path: Assets/area
  artifactKey: Guid(d4e75a919c641e34d80878fdaf4b9674) Importer(815301076,1909f56bfc062723c751e8b465ee728b)
Start importing Assets/area using Guid(d4e75a919c641e34d80878fdaf4b9674) Importer(815301076,1909f56bfc062723c751e8b465ee728b)  -> (artifact id: '4a3d27667532ca378e67e2b0efa0b3b7') in 0.001602 seconds
Number of updated asset objects reloaded before import = 0
Number of asset objects unloaded after import = 0
========================================================================
Received Import Request.
  Time since last request: 5.817027 seconds.
  path: Assets/area/road
  artifactKey: Guid(1cab21d48bd73ae4e8eb8a843a55a603) Importer(815301076,1909f56bfc062723c751e8b465ee728b)
Start importing Assets/area/road using Guid(1cab21d48bd73ae4e8eb8a843a55a603) Importer(815301076,1909f56bfc062723c751e8b465ee728b)  -> (artifact id: 'da71a9a706448a5797409c483efec610') in 0.000374 seconds
Number of updated asset objects reloaded before import = 0
Number of asset objects unloaded after import = 0
========================================================================
Received Import Request.
  Time since last request: 7.164147 seconds.
  path: Assets/area/road/roads.fbx
  artifactKey: Guid(d7738663b95060c429bc3fdd5c41c71f) Importer(815301076,1909f56bfc062723c751e8b465ee728b)
Start importing Assets/area/road/roads.fbx using Guid(d7738663b95060c429bc3fdd5c41c71f) Importer(815301076,1909f56bfc062723c751e8b465ee728b)  -> (artifact id: '272257930e761b1348fc23e330fc2838') in 0.028177 seconds
Number of updated asset objects reloaded before import = 0
Number of asset objects unloaded after import = 15
========================================================================
Received Import Request.
  Time since last request: 7.985782 seconds.
  path: Assets/area/road/roak.png
  artifactKey: Guid(607ad14dc5f14cc41b61933d2f687849) Importer(815301076,1909f56bfc062723c751e8b465ee728b)
Start importing Assets/area/road/roak.png using Guid(607ad14dc5f14cc41b61933d2f687849) Importer(815301076,1909f56bfc062723c751e8b465ee728b)  -> (artifact id: '6e42d9e07ddc66f4d2a72af2ff96e012') in 0.014847 seconds
Number of updated asset objects reloaded before import = 0
Number of asset objects unloaded after import = 2
========================================================================
Received Import Request.
  Time since last request: 681.437862 seconds.
  path: Assets/area/grass
  artifactKey: Guid(336116184bfdca14389da915637d5ca2) Importer(815301076,1909f56bfc062723c751e8b465ee728b)
Start importing Assets/area/grass using Guid(336116184bfdca14389da915637d5ca2) Importer(815301076,1909f56bfc062723c751e8b465ee728b)  -> (artifact id: '9cee352644af7784b176544e6432d8fe') in 0.000517 seconds
Number of updated asset objects reloaded before import = 0
Number of asset objects unloaded after import = 0
========================================================================
Received Import Request.
  Time since last request: 0.052305 seconds.
  path: Assets/area/grass/grass 1.png
  artifactKey: Guid(4fadc2f40434d1540bb079d8160338d0) Importer(815301076,1909f56bfc062723c751e8b465ee728b)
Start importing Assets/area/grass/grass 1.png using Guid(4fadc2f40434d1540bb079d8160338d0) Importer(815301076,1909f56bfc062723c751e8b465ee728b)  -> (artifact id: 'c9f06943682aa2834a31484fcbd1ffc6') in 0.031285 seconds
Number of updated asset objects reloaded before import = 0
Number of asset objects unloaded after import = 2
========================================================================
Received Import Request.
  Time since last request: 1.114539 seconds.
  path: Assets/area/DINER
  artifactKey: Guid(d67a6d1938240a64089076aabd8f2af6) Importer(815301076,1909f56bfc062723c751e8b465ee728b)
Start importing Assets/area/DINER using Guid(d67a6d1938240a64089076aabd8f2af6) Importer(815301076,1909f56bfc062723c751e8b465ee728b)  -> (artifact id: 'c8f0ddc3b6b292c97c4d72d5210aaffc') in 0.000384 seconds
Number of updated asset objects reloaded before import = 0
Number of asset objects unloaded after import = 0
========================================================================
Received Import Request.
  Time since last request: 6.617520 seconds.
  path: Assets/area/road/roads 1.fbx
  artifactKey: Guid(9180691dbd8124348beda8aea2d8bd4b) Importer(815301076,1909f56bfc062723c751e8b465ee728b)
Start importing Assets/area/road/roads 1.fbx using Guid(9180691dbd8124348beda8aea2d8bd4b) Importer(815301076,1909f56bfc062723c751e8b465ee728b)  -> (artifact id: 'a17fc2f836ab85e811e4202ecc7acd29') in 0.019848 seconds
Number of updated asset objects reloaded before import = 0
Number of asset objects unloaded after import = 15
========================================================================
Received Import Request.
  Time since last request: 6.736825 seconds.
  path: Assets/area/road/buildinggg.png
  artifactKey: Guid(6c515da8a44b4ea458fab1837c1902f8) Importer(815301076,1909f56bfc062723c751e8b465ee728b)
Start importing Assets/area/road/buildinggg.png using Guid(6c515da8a44b4ea458fab1837c1902f8) Importer(815301076,1909f56bfc062723c751e8b465ee728b)  -> (artifact id: '9dd9fb38872cc09fbef6eb87143051d4') in 0.033901 seconds
Number of updated asset objects reloaded before import = 0
Number of asset objects unloaded after import = 2
========================================================================
Received Import Request.
  Time since last request: 7.952333 seconds.
  path: Assets/area/road/Materials
  artifactKey: Guid(c8dfd0edd5fef2f4eae1533084b5aaea) Importer(815301076,1909f56bfc062723c751e8b465ee728b)
Start importing Assets/area/road/Materials using Guid(c8dfd0edd5fef2f4eae1533084b5aaea) Importer(815301076,1909f56bfc062723c751e8b465ee728b)  -> (artifact id: '9e77dd04a2b884dea8f70334993e2df5') in 0.000462 seconds
Number of updated asset objects reloaded before import = 0
Number of asset objects unloaded after import = 0
========================================================================
Received Import Request.
  Time since last request: 0.046058 seconds.
  path: Assets/area/road/Materials/roak2.mat
  artifactKey: Guid(10969296eda7b7a49a1d11ad6d949fa3) Importer(815301076,1909f56bfc062723c751e8b465ee728b)
Start importing Assets/area/road/Materials/roak2.mat using Guid(10969296eda7b7a49a1d11ad6d949fa3) Importer(815301076,1909f56bfc062723c751e8b465ee728b)  -> (artifact id: '0a416189f71bda9fcbee02cadc78bb9a') in 0.010089 seconds
Number of updated asset objects reloaded before import = 0
Number of asset objects unloaded after import = 2
========================================================================
Received Import Request.
  Time since last request: 16.415139 seconds.
  path: Assets/area/road/building.fbx
  artifactKey: Guid(9221adf09b69b914f9cc75a5229c01e8) Importer(815301076,1909f56bfc062723c751e8b465ee728b)
Start importing Assets/area/road/building.fbx using Guid(9221adf09b69b914f9cc75a5229c01e8) Importer(815301076,1909f56bfc062723c751e8b465ee728b)  -> (artifact id: '8772358a48f6805b7487fd1565083fc8') in 0.029858 seconds
Number of updated asset objects reloaded before import = 0
Number of asset objects unloaded after import = 45
========================================================================
Received Import Request.
  Time since last request: 82.515038 seconds.
  path: Assets/area/road/buildinggg3.png
  artifactKey: Guid(3ae69c1a2cd6d0a4f972690914e6b7c0) Importer(815301076,1909f56bfc062723c751e8b465ee728b)
Start importing Assets/area/road/buildinggg3.png using Guid(3ae69c1a2cd6d0a4f972690914e6b7c0) Importer(815301076,1909f56bfc062723c751e8b465ee728b)  -> (artifact id: '6288c665a42330eca454c386db982aee') in 0.016409 seconds
Number of updated asset objects reloaded before import = 0
Number of asset objects unloaded after import = 2
========================================================================
Received Import Request.
  Time since last request: 13.262516 seconds.
  path: Assets/area/DINER/bar/bar.fbx
  artifactKey: Guid(fa375a7fd44c00642a3e51672ff8a95a) Importer(815301076,1909f56bfc062723c751e8b465ee728b)
Start importing Assets/area/DINER/bar/bar.fbx using Guid(fa375a7fd44c00642a3e51672ff8a95a) Importer(815301076,1909f56bfc062723c751e8b465ee728b)  -> (artifact id: 'f2ade910438bf1fa2ef2056f9d017888') in 0.031722 seconds
Number of updated asset objects reloaded before import = 0
Number of asset objects unloaded after import = 17
========================================================================
Received Import Request.
  Time since last request: 0.000012 seconds.
  path: Assets/area/DINER/Materials/old man.mat
  artifactKey: Guid(7df811bdd4747474fa22ee64635d0139) Importer(815301076,1909f56bfc062723c751e8b465ee728b)
Start importing Assets/area/DINER/Materials/old man.mat using Guid(7df811bdd4747474fa22ee64635d0139) Importer(815301076,1909f56bfc062723c751e8b465ee728b)  -> (artifact id: 'ca7e624a498d8a7d44981704b9ba0514') in 0.011472 seconds
Number of updated asset objects reloaded before import = 0
Number of asset objects unloaded after import = 2
========================================================================
Received Import Request.
  Time since last request: 0.000017 seconds.
  path: Assets/area/DINER/Materials/galroom.mat
  artifactKey: Guid(4e312a57a0af8c14d920754dbf7a147f) Importer(815301076,1909f56bfc062723c751e8b465ee728b)
Start importing Assets/area/DINER/Materials/galroom.mat using Guid(4e312a57a0af8c14d920754dbf7a147f) Importer(815301076,1909f56bfc062723c751e8b465ee728b)  -> (artifact id: 'b401ab685fe00121118e24acc9c242c0') in 0.010298 seconds
Number of updated asset objects reloaded before import = 0
Number of asset objects unloaded after import = 2
========================================================================
Received Import Request.
  Time since last request: 0.000015 seconds.
  path: Assets/area/DINER/Materials/painting1.mat
  artifactKey: Guid(ea3d9659c0bd1614faa22815d5da9bab) Importer(815301076,1909f56bfc062723c751e8b465ee728b)
Start importing Assets/area/DINER/Materials/painting1.mat using Guid(ea3d9659c0bd1614faa22815d5da9bab) Importer(815301076,1909f56bfc062723c751e8b465ee728b)  -> (artifact id: '2ef2ccb4ab440b10d27446677782aa06') in 0.012519 seconds
Number of updated asset objects reloaded before import = 0
Number of asset objects unloaded after import = 2
========================================================================
Received Import Request.
  Time since last request: 0.000011 seconds.
  path: Assets/area/road/Materials/buildinggg3.mat
  artifactKey: Guid(e95e148096e7dcf4b972b676575913a0) Importer(815301076,1909f56bfc062723c751e8b465ee728b)
Start importing Assets/area/road/Materials/buildinggg3.mat using Guid(e95e148096e7dcf4b972b676575913a0) Importer(815301076,1909f56bfc062723c751e8b465ee728b)  -> (artifact id: '0f6bc2c29e6f1fa1903d88caf6644dd5') in 0.009879 seconds
Number of updated asset objects reloaded before import = 0
Number of asset objects unloaded after import = 2
========================================================================
Received Import Request.
  Time since last request: 0.000010 seconds.
  path: Assets/area/DINER/Materials/nate hed.mat
  artifactKey: Guid(c25767b07e4368740afba346a4644153) Importer(815301076,1909f56bfc062723c751e8b465ee728b)
Start importing Assets/area/DINER/Materials/nate hed.mat using Guid(c25767b07e4368740afba346a4644153) Importer(815301076,1909f56bfc062723c751e8b465ee728b)  -> (artifact id: '86e4cf24a6edbcae339b388fc4c13c0c') in 0.010755 seconds
Number of updated asset objects reloaded before import = 0
Number of asset objects unloaded after import = 2
Editor requested this worker to shutdown with reason: Scaling down because of idle timeout
TcpMessagingSession - receive error: operation aborted. errorcode: 995, details: The I/O operation has been aborted because of either a thread exit or an application request.
AssetImportWorker is now disconnected from the server
Process exiting
Exiting without the bug reporter. Application will terminate with return code 0